# JRE version: OpenJDK Runtime Environment (21.0.8) (build 21.0.8+-14018985-b1038.68)
# Java VM: OpenJDK 64-Bit Server VM (21.0.8+-14018985-b1038.68, mixed mode, tiered, compressed oops, compressed class ptrs, g1 gc, windows-amd64)
GC Precious Log:
 CardTable entry size: 512
 Card Set container configuration: InlinePtr #cards 5 size 8 Array Of Cards #cards 12 size 40 Howl #buckets 4 coarsen threshold 1843 Howl Bitmap #cards 512 size 80 coarsen threshold 460 Card regions per heap region 1 cards per card region 2048
 CPUs: 4 total, 4 available
 Memory: 11705M
 Large Page Support: Disabled
 NUMA Support: Disabled
 Compressed Oops: Enabled (32-bit)
 Heap Region Size: 1M
 Heap Min Capacity: 8M
 Heap Initial Capacity: 184M
 Heap Max Capacity: 2G
 Pre-touch: Disabled
 Parallel Workers: 4
 Concurrent Workers: 1
 Concurrent Refinement Workers: 4
 Periodic GC: Disabled
Heap:
 garbage-first heap   total 147456K, used 85762K [0x0000000080000000, 0x0000000100000000)
  region size 1024K, 18 young (18432K), 3 survivors (3072K)
 Metaspace       used 59214K, committed 60736K, reserved 1114112K
  class space    used 8358K, committed 9088K, reserved 1048576K
GC Heap History (20 events):
Event: 6.513 GC heap before
{Heap before GC invocations=10 (full 0):
 garbage-first heap   total 76800K, used 69096K [0x0000000080000000, 0x0000000100000000)
  region size 1024K, 11 young (11264K), 2 survivors (2048K)
 Metaspace       used 38373K, committed 39296K, reserved 1114112K
  class space    used 5419K, committed 5824K, reserved 1048576K
}
Event: 6.515 GC heap after
{Heap after GC invocations=11 (full 0):
 garbage-first heap   total 76800K, used 60033K [0x0000000080000000, 0x0000000100000000)
  region size 1024K, 1 young (1024K), 1 survivors (1024K)
 Metaspace       used 38373K, committed 39296K, reserved 1114112K
  class space    used 5419K, committed 5824K, reserved 1048576K
}
Event: 6.760 GC heap before
{Heap before GC invocations=12 (full 0):
 garbage-first heap   total 102400K, used 69249K [0x0000000080000000, 0x0000000100000000)
  region size 1024K, 10 young (10240K), 1 survivors (1024K)
 Metaspace       used 39863K, committed 40768K, reserved 1114112K
  class space    used 5678K, committed 6080K, reserved 1048576K
}
Event: 6.763 GC heap after
{Heap after GC invocations=13 (full 0):
 garbage-first heap   total 102400K, used 60409K [0x0000000080000000, 0x0000000100000000)
  region size 1024K, 1 young (1024K), 1 survivors (1024K)
 Metaspace       used 39863K, committed 40768K, reserved 1114112K
  class space    used 5678K, committed 6080K, reserved 1048576K
}
Event: 7.590 GC heap before
{Heap before GC invocations=13 (full 0):
 garbage-first heap   total 102400K, used 91129K [0x0000000080000000, 0x0000000100000000)
  region size 1024K, 32 young (32768K), 1 survivors (1024K)
 Metaspace       used 46223K, committed 47232K, reserved 1114112K
  class space    used 6371K, committed 6848K, reserved 1048576K
}
Event: 7.600 GC heap after
{Heap after GC invocations=14 (full 0):
 garbage-first heap   total 122880K, used 63960K [0x0000000080000000, 0x0000000100000000)
  region size 1024K, 4 young (4096K), 4 survivors (4096K)
 Metaspace       used 46223K, committed 47232K, reserved 1114112K
  class space    used 6371K, committed 6848K, reserved 1048576K
}
Event: 8.433 GC heap before
{Heap before GC invocations=14 (full 0):
 garbage-first heap   total 122880K, used 114136K [0x0000000080000000, 0x0000000100000000)
  region size 1024K, 48 young (49152K), 4 survivors (4096K)
 Metaspace       used 50116K, committed 51200K, reserved 1114112K
  class space    used 6849K, committed 7360K, reserved 1048576K
}
Event: 8.447 GC heap after
{Heap after GC invocations=15 (full 0):
 garbage-first heap   total 122880K, used 66922K [0x0000000080000000, 0x0000000100000000)
  region size 1024K, 6 young (6144K), 6 survivors (6144K)
 Metaspace       used 50116K, committed 51200K, reserved 1114112K
  class space    used 6849K, committed 7360K, reserved 1048576K
}
Event: 9.277 GC heap before
{Heap before GC invocations=16 (full 0):
 garbage-first heap   total 122880K, used 109930K [0x0000000080000000, 0x0000000100000000)
  region size 1024K, 48 young (49152K), 6 survivors (6144K)
 Metaspace       used 55171K, committed 56640K, reserved 1114112K
  class space    used 7740K, committed 8448K, reserved 1048576K
}
Event: 9.289 GC heap after
{Heap after GC invocations=17 (full 0):
 garbage-first heap   total 122880K, used 69709K [0x0000000080000000, 0x0000000100000000)
  region size 1024K, 3 young (3072K), 3 survivors (3072K)
 Metaspace       used 55171K, committed 56640K, reserved 1114112K
  class space    used 7740K, committed 8448K, reserved 1048576K
}
Event: 10.379 GC heap before
{Heap before GC invocations=17 (full 0):
 garbage-first heap   total 122880K, used 111693K [0x0000000080000000, 0x0000000100000000)
  region size 1024K, 43 young (44032K), 3 survivors (3072K)
 Metaspace       used 58746K, committed 60224K, reserved 1114112K
  class space    used 8335K, committed 9024K, reserved 1048576K
}
Event: 10.390 GC heap after
{Heap after GC invocations=18 (full 0):
 garbage-first heap   total 122880K, used 70838K [0x0000000080000000, 0x0000000100000000)
  region size 1024K, 4 young (4096K), 4 survivors (4096K)
 Metaspace       used 58746K, committed 60224K, reserved 1114112K
  class space    used 8335K, committed 9024K, reserved 1048576K
}
Event: 11.027 GC heap before
{Heap before GC invocations=18 (full 0):
 garbage-first heap   total 122880K, used 111798K [0x0000000080000000, 0x0000000100000000)
  region size 1024K, 44 young (45056K), 4 survivors (4096K)
 Metaspace       used 59010K, committed 60480K, reserved 1114112K
  class space    used 8336K, committed 9024K, reserved 1048576K
}
Event: 11.033 GC heap after
{Heap after GC invocations=19 (full 0):
 garbage-first heap   total 122880K, used 70924K [0x0000000080000000, 0x0000000100000000)
  region size 1024K, 2 young (2048K), 2 survivors (2048K)
 Metaspace       used 59010K, committed 60480K, reserved 1114112K
  class space    used 8336K, committed 9024K, reserved 1048576K
}
Event: 11.544 GC heap before
{Heap before GC invocations=20 (full 0):
 garbage-first heap   total 122880K, used 113932K [0x0000000080000000, 0x0000000100000000)
  region size 1024K, 44 young (45056K), 2 survivors (2048K)
 Metaspace       used 59133K, committed 60672K, reserved 1114112K
  class space    used 8357K, committed 9088K, reserved 1048576K
}
Event: 11.548 GC heap after
{Heap after GC invocations=21 (full 0):
 garbage-first heap   total 122880K, used 71039K [0x0000000080000000, 0x0000000100000000)
  region size 1024K, 2 young (2048K), 2 survivors (2048K)
 Metaspace       used 59133K, committed 60672K, reserved 1114112K
  class space    used 8357K, committed 9088K, reserved 1048576K
}
Event: 11.893 GC heap before
{Heap before GC invocations=21 (full 0):
 garbage-first heap   total 122880K, used 114047K [0x0000000080000000, 0x0000000100000000)
  region size 1024K, 44 young (45056K), 2 survivors (2048K)
 Metaspace       used 59135K, committed 60672K, reserved 1114112K
  class space    used 8357K, committed 9088K, reserved 1048576K
}
Event: 11.898 GC heap after
{Heap after GC invocations=22 (full 0):
 garbage-first heap   total 122880K, used 70948K [0x0000000080000000, 0x0000000100000000)
  region size 1024K, 2 young (2048K), 2 survivors (2048K)
 Metaspace       used 59135K, committed 60672K, reserved 1114112K
  class space    used 8357K, committed 9088K, reserved 1048576K
}
Event: 12.279 GC heap before
{Heap before GC invocations=22 (full 0):
 garbage-first heap   total 122880K, used 113956K [0x0000000080000000, 0x0000000100000000)
  region size 1024K, 44 young (45056K), 2 survivors (2048K)
 Metaspace       used 59144K, committed 60672K, reserved 1114112K
  class space    used 8357K, committed 9088K, reserved 1048576K
}
Event: 12.284 GC heap after
{Heap after GC invocations=23 (full 0):
 garbage-first heap   total 147456K, used 71426K [0x0000000080000000, 0x0000000100000000)
  region size 1024K, 3 young (3072K), 3 survivors (3072K)
 Metaspace       used 59144K, committed 60672K, reserved 1114112K
  class space    used 8357K, committed 9088K, reserved 1048576K
}

