# JRE version: OpenJDK Runtime Environment (21.0.8) (build 21.0.8+-14018985-b1038.68)
# Java VM: OpenJDK 64-Bit Server VM (21.0.8+-14018985-b1038.68, mixed mode, tiered, compressed oops, compressed class ptrs, g1 gc, windows-amd64)
GC Precious Log:
 CardTable entry size: 512
 Card Set container configuration: InlinePtr #cards 5 size 8 Array Of Cards #cards 12 size 40 Howl #buckets 4 coarsen threshold 1843 Howl Bitmap #cards 512 size 80 coarsen threshold 460 Card regions per heap region 1 cards per card region 2048
 CPUs: 4 total, 4 available
 Memory: 11705M
 Large Page Support: Disabled
 NUMA Support: Disabled
 Compressed Oops: Enabled (32-bit)
 Heap Region Size: 1M
 Heap Min Capacity: 8M
 Heap Initial Capacity: 184M
 Heap Max Capacity: 2G
 Pre-touch: Disabled
 Parallel Workers: 4
 Concurrent Workers: 1
 Concurrent Refinement Workers: 4
 Periodic GC: Disabled
Heap:
 garbage-first heap   total 217088K, used 172311K [0x0000000080000000, 0x0000000100000000)
  region size 1024K, 46 young (47104K), 7 survivors (7168K)
 Metaspace       used 128340K, committed 130624K, reserved 1179648K
  class space    used 17974K, committed 19072K, reserved 1048576K
GC Heap History (20 events):
Event: 31.191 GC heap before
{Heap before GC invocations=42 (full 0):
 garbage-first heap   total 165888K, used 139069K [0x0000000080000000, 0x0000000100000000)
  region size 1024K, 40 young (40960K), 2 survivors (2048K)
 Metaspace       used 100359K, committed 102400K, reserved 1179648K
  class space    used 14020K, committed 15040K, reserved 1048576K
}
Event: 31.196 GC heap after
{Heap after GC invocations=43 (full 0):
 garbage-first heap   total 165888K, used 100064K [0x0000000080000000, 0x0000000100000000)
  region size 1024K, 3 young (3072K), 3 survivors (3072K)
 Metaspace       used 100359K, committed 102400K, reserved 1179648K
  class space    used 14020K, committed 15040K, reserved 1048576K
}
Event: 32.856 GC heap before
{Heap before GC invocations=43 (full 0):
 garbage-first heap   total 165888K, used 152288K [0x0000000080000000, 0x0000000100000000)
  region size 1024K, 54 young (55296K), 3 survivors (3072K)
 Metaspace       used 104701K, committed 106752K, reserved 1179648K
  class space    used 14736K, committed 15744K, reserved 1048576K
}
Event: 32.866 GC heap after
{Heap after GC invocations=44 (full 0):
 garbage-first heap   total 165888K, used 100535K [0x0000000080000000, 0x0000000100000000)
  region size 1024K, 6 young (6144K), 6 survivors (6144K)
 Metaspace       used 104701K, committed 106752K, reserved 1179648K
  class space    used 14736K, committed 15744K, reserved 1048576K
}
Event: 34.044 GC heap before
{Heap before GC invocations=44 (full 0):
 garbage-first heap   total 165888K, used 149687K [0x0000000080000000, 0x0000000100000000)
  region size 1024K, 54 young (55296K), 6 survivors (6144K)
 Metaspace       used 107926K, committed 110080K, reserved 1179648K
  class space    used 15230K, committed 16256K, reserved 1048576K
}
Event: 34.058 GC heap after
{Heap after GC invocations=45 (full 0):
 garbage-first heap   total 165888K, used 103465K [0x0000000080000000, 0x0000000100000000)
  region size 1024K, 7 young (7168K), 7 survivors (7168K)
 Metaspace       used 107926K, committed 110080K, reserved 1179648K
  class space    used 15230K, committed 16256K, reserved 1048576K
}
Event: 35.380 GC heap before
{Heap before GC invocations=46 (full 0):
 garbage-first heap   total 174080K, used 148521K [0x0000000080000000, 0x0000000100000000)
  region size 1024K, 51 young (52224K), 7 survivors (7168K)
 Metaspace       used 110888K, committed 113024K, reserved 1179648K
  class space    used 15690K, committed 16704K, reserved 1048576K
}
Event: 35.394 GC heap after
{Heap after GC invocations=47 (full 0):
 garbage-first heap   total 174080K, used 106202K [0x0000000080000000, 0x0000000100000000)
  region size 1024K, 6 young (6144K), 6 survivors (6144K)
 Metaspace       used 110888K, committed 113024K, reserved 1179648K
  class space    used 15690K, committed 16704K, reserved 1048576K
}
Event: 36.796 GC heap before
{Heap before GC invocations=47 (full 0):
 garbage-first heap   total 174080K, used 157402K [0x0000000080000000, 0x0000000100000000)
  region size 1024K, 56 young (57344K), 6 survivors (6144K)
 Metaspace       used 115209K, committed 117376K, reserved 1179648K
  class space    used 16310K, committed 17344K, reserved 1048576K
}
Event: 36.813 GC heap after
{Heap after GC invocations=48 (full 0):
 garbage-first heap   total 174080K, used 108417K [0x0000000080000000, 0x0000000100000000)
  region size 1024K, 6 young (6144K), 6 survivors (6144K)
 Metaspace       used 115209K, committed 117376K, reserved 1179648K
  class space    used 16310K, committed 17344K, reserved 1048576K
}
Event: 38.018 GC heap before
{Heap before GC invocations=48 (full 0):
 garbage-first heap   total 174080K, used 157569K [0x0000000080000000, 0x0000000100000000)
  region size 1024K, 54 young (55296K), 6 survivors (6144K)
 Metaspace       used 115795K, committed 117952K, reserved 1179648K
  class space    used 16383K, committed 17408K, reserved 1048576K
}
Event: 38.035 GC heap after
{Heap after GC invocations=49 (full 0):
 garbage-first heap   total 174080K, used 115290K [0x0000000080000000, 0x0000000100000000)
  region size 1024K, 7 young (7168K), 7 survivors (7168K)
 Metaspace       used 115795K, committed 117952K, reserved 1179648K
  class space    used 16383K, committed 17408K, reserved 1048576K
}
Event: 40.127 GC heap before
{Heap before GC invocations=50 (full 0):
 garbage-first heap   total 193536K, used 155226K [0x0000000080000000, 0x0000000100000000)
  region size 1024K, 47 young (48128K), 7 survivors (7168K)
 Metaspace       used 118108K, committed 120384K, reserved 1179648K
  class space    used 16722K, committed 17792K, reserved 1048576K
}
Event: 40.150 GC heap after
{Heap after GC invocations=51 (full 0):
 garbage-first heap   total 193536K, used 122347K [0x0000000080000000, 0x0000000100000000)
  region size 1024K, 6 young (6144K), 6 survivors (6144K)
 Metaspace       used 118108K, committed 120384K, reserved 1179648K
  class space    used 16722K, committed 17792K, reserved 1048576K
}
Event: 41.622 GC heap before
{Heap before GC invocations=51 (full 0):
 garbage-first heap   total 193536K, used 173547K [0x0000000080000000, 0x0000000100000000)
  region size 1024K, 57 young (58368K), 6 survivors (6144K)
 Metaspace       used 118569K, committed 120768K, reserved 1179648K
  class space    used 16801K, committed 17856K, reserved 1048576K
}
Event: 41.639 GC heap after
{Heap after GC invocations=52 (full 0):
 garbage-first heap   total 193536K, used 126387K [0x0000000080000000, 0x0000000100000000)
  region size 1024K, 6 young (6144K), 6 survivors (6144K)
 Metaspace       used 118569K, committed 120768K, reserved 1179648K
  class space    used 16801K, committed 17856K, reserved 1048576K
}
Event: 42.963 GC heap before
{Heap before GC invocations=52 (full 0):
 garbage-first heap   total 193536K, used 175539K [0x0000000080000000, 0x0000000100000000)
  region size 1024K, 55 young (56320K), 6 survivors (6144K)
 Metaspace       used 118908K, committed 121088K, reserved 1179648K
  class space    used 16845K, committed 17920K, reserved 1048576K
}
Event: 42.975 GC heap after
{Heap after GC invocations=53 (full 0):
 garbage-first heap   total 193536K, used 129191K [0x0000000080000000, 0x0000000100000000)
  region size 1024K, 6 young (6144K), 6 survivors (6144K)
 Metaspace       used 118908K, committed 121088K, reserved 1179648K
  class space    used 16845K, committed 17920K, reserved 1048576K
}
Event: 44.596 GC heap before
{Heap before GC invocations=54 (full 0):
 garbage-first heap   total 217088K, used 178343K [0x0000000080000000, 0x0000000100000000)
  region size 1024K, 50 young (51200K), 6 survivors (6144K)
 Metaspace       used 122241K, committed 124480K, reserved 1179648K
  class space    used 17174K, committed 18304K, reserved 1048576K
}
Event: 44.610 GC heap after
{Heap after GC invocations=55 (full 0):
 garbage-first heap   total 217088K, used 134423K [0x0000000080000000, 0x0000000100000000)
  region size 1024K, 7 young (7168K), 7 survivors (7168K)
 Metaspace       used 122241K, committed 124480K, reserved 1179648K
  class space    used 17174K, committed 18304K, reserved 1048576K
}

