# JRE version: OpenJDK Runtime Environment (21.0.8) (build 21.0.8+-14018985-b1038.68)
# Java VM: OpenJDK 64-Bit Server VM (21.0.8+-14018985-b1038.68, mixed mode, tiered, compressed oops, compressed class ptrs, g1 gc, windows-amd64)
GC Precious Log:
 CardTable entry size: 512
 Card Set container configuration: InlinePtr #cards 5 size 8 Array Of Cards #cards 12 size 40 Howl #buckets 4 coarsen threshold 1843 Howl Bitmap #cards 512 size 80 coarsen threshold 460 Card regions per heap region 1 cards per card region 2048
 CPUs: 4 total, 4 available
 Memory: 11705M
 Large Page Support: Disabled
 NUMA Support: Disabled
 Compressed Oops: Enabled (32-bit)
 Heap Region Size: 1M
 Heap Min Capacity: 8M
 Heap Initial Capacity: 184M
 Heap Max Capacity: 2G
 Pre-touch: Disabled
 Parallel Workers: 4
 Concurrent Workers: 1
 Concurrent Refinement Workers: 4
 Periodic GC: Disabled
Heap:
 garbage-first heap   total 124928K, used 92398K [0x0000000080000000, 0x0000000100000000)
  region size 1024K, 26 young (26624K), 5 survivors (5120K)
 Metaspace       used 61970K, committed 63488K, reserved 1114112K
  class space    used 8725K, committed 9472K, reserved 1048576K
GC Heap History (20 events):
Event: 4.628 GC heap before
{Heap before GC invocations=5 (full 0):
 garbage-first heap   total 68608K, used 53425K [0x0000000080000000, 0x0000000100000000)
  region size 1024K, 34 young (34816K), 2 survivors (2048K)
 Metaspace       used 30757K, committed 31360K, reserved 1114112K
  class space    used 4142K, committed 4416K, reserved 1048576K
}
Event: 4.634 GC heap after
{Heap after GC invocations=6 (full 0):
 garbage-first heap   total 68608K, used 24269K [0x0000000080000000, 0x0000000100000000)
  region size 1024K, 4 young (4096K), 4 survivors (4096K)
 Metaspace       used 30757K, committed 31360K, reserved 1114112K
  class space    used 4142K, committed 4416K, reserved 1048576K
}
Event: 5.363 GC heap before
{Heap before GC invocations=6 (full 0):
 garbage-first heap   total 68608K, used 54989K [0x0000000080000000, 0x0000000100000000)
  region size 1024K, 35 young (35840K), 4 survivors (4096K)
 Metaspace       used 35176K, committed 35968K, reserved 1114112K
  class space    used 4926K, committed 5312K, reserved 1048576K
}
Event: 5.375 GC heap after
{Heap after GC invocations=7 (full 0):
 garbage-first heap   total 68608K, used 26320K [0x0000000080000000, 0x0000000100000000)
  region size 1024K, 5 young (5120K), 5 survivors (5120K)
 Metaspace       used 35176K, committed 35968K, reserved 1114112K
  class space    used 4926K, committed 5312K, reserved 1048576K
}
Event: 29.998 GC heap before
{Heap before GC invocations=8 (full 0):
 garbage-first heap   total 69632K, used 67280K [0x0000000080000000, 0x0000000100000000)
  region size 1024K, 19 young (19456K), 5 survivors (5120K)
 Metaspace       used 36419K, committed 37312K, reserved 1114112K
  class space    used 5136K, committed 5568K, reserved 1048576K
}
Event: 30.008 GC heap after
{Heap after GC invocations=9 (full 0):
 garbage-first heap   total 77824K, used 58368K [0x0000000080000000, 0x0000000100000000)
  region size 1024K, 5 young (5120K), 5 survivors (5120K)
 Metaspace       used 36419K, committed 37312K, reserved 1114112K
  class space    used 5136K, committed 5568K, reserved 1048576K
}
Event: 30.316 GC heap before
{Heap before GC invocations=9 (full 0):
 garbage-first heap   total 77824K, used 68608K [0x0000000080000000, 0x0000000100000000)
  region size 1024K, 14 young (14336K), 5 survivors (5120K)
 Metaspace       used 37591K, committed 38400K, reserved 1114112K
  class space    used 5314K, committed 5696K, reserved 1048576K
}
Event: 30.329 GC heap after
{Heap after GC invocations=10 (full 0):
 garbage-first heap   total 77824K, used 59651K [0x0000000080000000, 0x0000000100000000)
  region size 1024K, 2 young (2048K), 2 survivors (2048K)
 Metaspace       used 37591K, committed 38400K, reserved 1114112K
  class space    used 5314K, committed 5696K, reserved 1048576K
}
Event: 30.570 GC heap before
{Heap before GC invocations=10 (full 0):
 garbage-first heap   total 77824K, used 69891K [0x0000000080000000, 0x0000000100000000)
  region size 1024K, 12 young (12288K), 2 survivors (2048K)
 Metaspace       used 38906K, committed 39808K, reserved 1114112K
  class space    used 5504K, committed 5888K, reserved 1048576K
}
Event: 30.575 GC heap after
{Heap after GC invocations=11 (full 0):
 garbage-first heap   total 77824K, used 60346K [0x0000000080000000, 0x0000000100000000)
  region size 1024K, 1 young (1024K), 1 survivors (1024K)
 Metaspace       used 38906K, committed 39808K, reserved 1114112K
  class space    used 5504K, committed 5888K, reserved 1048576K
}
Event: 30.796 GC heap before
{Heap before GC invocations=12 (full 0):
 garbage-first heap   total 102400K, used 69562K [0x0000000080000000, 0x0000000100000000)
  region size 1024K, 11 young (11264K), 1 survivors (1024K)
 Metaspace       used 40640K, committed 41536K, reserved 1114112K
  class space    used 5743K, committed 6144K, reserved 1048576K
}
Event: 30.799 GC heap after
{Heap after GC invocations=13 (full 0):
 garbage-first heap   total 102400K, used 60768K [0x0000000080000000, 0x0000000100000000)
  region size 1024K, 1 young (1024K), 1 survivors (1024K)
 Metaspace       used 40640K, committed 41536K, reserved 1114112K
  class space    used 5743K, committed 6144K, reserved 1048576K
}
Event: 31.397 GC heap before
{Heap before GC invocations=13 (full 0):
 garbage-first heap   total 102400K, used 92512K [0x0000000080000000, 0x0000000100000000)
  region size 1024K, 33 young (33792K), 1 survivors (1024K)
 Metaspace       used 43525K, committed 44416K, reserved 1114112K
  class space    used 6139K, committed 6528K, reserved 1048576K
}
Event: 31.402 GC heap after
{Heap after GC invocations=14 (full 0):
 garbage-first heap   total 122880K, used 62624K [0x0000000080000000, 0x0000000100000000)
  region size 1024K, 3 young (3072K), 3 survivors (3072K)
 Metaspace       used 43525K, committed 44416K, reserved 1114112K
  class space    used 6139K, committed 6528K, reserved 1048576K
}
Event: 32.805 GC heap before
{Heap before GC invocations=14 (full 0):
 garbage-first heap   total 122880K, used 110752K [0x0000000080000000, 0x0000000100000000)
  region size 1024K, 50 young (51200K), 3 survivors (3072K)
 Metaspace       used 51193K, committed 52160K, reserved 1114112K
  class space    used 7130K, committed 7616K, reserved 1048576K
}
Event: 32.815 GC heap after
{Heap after GC invocations=15 (full 0):
 garbage-first heap   total 122880K, used 66511K [0x0000000080000000, 0x0000000100000000)
  region size 1024K, 7 young (7168K), 7 survivors (7168K)
 Metaspace       used 51193K, committed 52160K, reserved 1114112K
  class space    used 7130K, committed 7616K, reserved 1048576K
}
Event: 34.372 GC heap before
{Heap before GC invocations=16 (full 0):
 garbage-first heap   total 122880K, used 112591K [0x0000000080000000, 0x0000000100000000)
  region size 1024K, 48 young (49152K), 7 survivors (7168K)
 Metaspace       used 55180K, committed 56192K, reserved 1114112K
  class space    used 7575K, committed 8064K, reserved 1048576K
}
Event: 34.404 GC heap after
{Heap after GC invocations=17 (full 0):
 garbage-first heap   total 124928K, used 69719K [0x0000000080000000, 0x0000000100000000)
  region size 1024K, 4 young (4096K), 4 survivors (4096K)
 Metaspace       used 55180K, committed 56192K, reserved 1114112K
  class space    used 7575K, committed 8064K, reserved 1048576K
}
Event: 35.503 GC heap before
{Heap before GC invocations=17 (full 0):
 garbage-first heap   total 124928K, used 112727K [0x0000000080000000, 0x0000000100000000)
  region size 1024K, 46 young (47104K), 4 survivors (4096K)
 Metaspace       used 59552K, committed 60992K, reserved 1114112K
  class space    used 8317K, committed 9024K, reserved 1048576K
}
Event: 35.512 GC heap after
{Heap after GC invocations=18 (full 0):
 garbage-first heap   total 124928K, used 71918K [0x0000000080000000, 0x0000000100000000)
  region size 1024K, 5 young (5120K), 5 survivors (5120K)
 Metaspace       used 59552K, committed 60992K, reserved 1114112K
  class space    used 8317K, committed 9024K, reserved 1048576K
}

