# JRE version: OpenJDK Runtime Environment (21.0.8) (build 21.0.8+-14018985-b1038.68)
# Java VM: OpenJDK 64-Bit Server VM (21.0.8+-14018985-b1038.68, mixed mode, tiered, compressed oops, compressed class ptrs, g1 gc, windows-amd64)
GC Precious Log:
 CardTable entry size: 512
 Card Set container configuration: InlinePtr #cards 5 size 8 Array Of Cards #cards 12 size 40 Howl #buckets 4 coarsen threshold 1843 Howl Bitmap #cards 512 size 80 coarsen threshold 460 Card regions per heap region 1 cards per card region 2048
 CPUs: 4 total, 4 available
 Memory: 11705M
 Large Page Support: Disabled
 NUMA Support: Disabled
 Compressed Oops: Enabled (32-bit)
 Heap Region Size: 1M
 Heap Min Capacity: 8M
 Heap Initial Capacity: 184M
 Heap Max Capacity: 2G
 Pre-touch: Disabled
 Parallel Workers: 4
 Concurrent Workers: 1
 Concurrent Refinement Workers: 4
 Periodic GC: Disabled
Heap:
 garbage-first heap   total 449536K, used 181612K [0x0000000080000000, 0x0000000100000000)
  region size 1024K, 7 young (7168K), 7 survivors (7168K)
 Metaspace       used 66412K, committed 67904K, reserved 1114112K
  class space    used 9265K, committed 9984K, reserved 1048576K
GC Heap History (20 events):
Event: 50.155 GC heap after
{Heap after GC invocations=69 (full 0):
 garbage-first heap   total 220160K, used 138227K [0x0000000080000000, 0x0000000100000000)
  region size 1024K, 10 young (10240K), 10 survivors (10240K)
 Metaspace       used 66038K, committed 67520K, reserved 1114112K
  class space    used 9260K, committed 9984K, reserved 1048576K
}
Event: 50.341 GC heap before
{Heap before GC invocations=69 (full 0):
 garbage-first heap   total 220160K, used 168947K [0x0000000080000000, 0x0000000100000000)
  region size 1024K, 41 young (41984K), 10 survivors (10240K)
 Metaspace       used 66043K, committed 67520K, reserved 1114112K
  class space    used 9260K, committed 9984K, reserved 1048576K
}
Event: 50.379 GC heap after
{Heap after GC invocations=70 (full 0):
 garbage-first heap   total 220160K, used 152563K [0x0000000080000000, 0x0000000100000000)
  region size 1024K, 8 young (8192K), 8 survivors (8192K)
 Metaspace       used 66043K, committed 67520K, reserved 1114112K
  class space    used 9260K, committed 9984K, reserved 1048576K
}
Event: 51.369 GC heap before
{Heap before GC invocations=71 (full 0):
 garbage-first heap   total 225280K, used 174067K [0x0000000080000000, 0x0000000100000000)
  region size 1024K, 45 young (46080K), 8 survivors (8192K)
 Metaspace       used 66115K, committed 67584K, reserved 1114112K
  class space    used 9261K, committed 9984K, reserved 1048576K
}
Event: 51.403 GC heap after
{Heap after GC invocations=72 (full 0):
 garbage-first heap   total 225280K, used 148467K [0x0000000080000000, 0x0000000100000000)
  region size 1024K, 6 young (6144K), 6 survivors (6144K)
 Metaspace       used 66115K, committed 67584K, reserved 1114112K
  class space    used 9261K, committed 9984K, reserved 1048576K
}
Event: 52.003 GC heap before
{Heap before GC invocations=72 (full 0):
 garbage-first heap   total 225280K, used 188403K [0x0000000080000000, 0x0000000100000000)
  region size 1024K, 46 young (47104K), 6 survivors (6144K)
 Metaspace       used 66257K, committed 67776K, reserved 1114112K
  class space    used 9261K, committed 9984K, reserved 1048576K
}
Event: 52.026 GC heap after
{Heap after GC invocations=73 (full 0):
 garbage-first heap   total 225280K, used 154946K [0x0000000080000000, 0x0000000100000000)
  region size 1024K, 6 young (6144K), 6 survivors (6144K)
 Metaspace       used 66257K, committed 67776K, reserved 1114112K
  class space    used 9261K, committed 9984K, reserved 1048576K
}
Event: 52.265 GC heap before
{Heap before GC invocations=73 (full 0):
 garbage-first heap   total 225280K, used 192834K [0x0000000080000000, 0x0000000100000000)
  region size 1024K, 44 young (45056K), 6 survivors (6144K)
 Metaspace       used 66305K, committed 67840K, reserved 1114112K
  class space    used 9261K, committed 9984K, reserved 1048576K
}
Event: 52.285 GC heap after
{Heap after GC invocations=74 (full 0):
 garbage-first heap   total 449536K, used 161779K [0x0000000080000000, 0x0000000100000000)
  region size 1024K, 6 young (6144K), 6 survivors (6144K)
 Metaspace       used 66305K, committed 67840K, reserved 1114112K
  class space    used 9261K, committed 9984K, reserved 1048576K
}
Event: 53.333 GC heap before
{Heap before GC invocations=75 (full 0):
 garbage-first heap   total 449536K, used 305139K [0x0000000080000000, 0x0000000100000000)
  region size 1024K, 150 young (153600K), 6 survivors (6144K)
 Metaspace       used 66318K, committed 67840K, reserved 1114112K
  class space    used 9261K, committed 9984K, reserved 1048576K
}
Event: 53.388 GC heap after
{Heap after GC invocations=76 (full 0):
 garbage-first heap   total 449536K, used 186867K [0x0000000080000000, 0x0000000100000000)
  region size 1024K, 19 young (19456K), 19 survivors (19456K)
 Metaspace       used 66318K, committed 67840K, reserved 1114112K
  class space    used 9261K, committed 9984K, reserved 1048576K
}
Event: 53.995 GC heap before
{Heap before GC invocations=76 (full 0):
 garbage-first heap   total 449536K, used 340467K [0x0000000080000000, 0x0000000100000000)
  region size 1024K, 165 young (168960K), 19 survivors (19456K)
 Metaspace       used 66380K, committed 67840K, reserved 1114112K
  class space    used 9261K, committed 9984K, reserved 1048576K
}
Event: 54.113 GC heap after
{Heap after GC invocations=77 (full 0):
 garbage-first heap   total 449536K, used 233971K [0x0000000080000000, 0x0000000100000000)
  region size 1024K, 21 young (21504K), 21 survivors (21504K)
 Metaspace       used 66380K, committed 67840K, reserved 1114112K
  class space    used 9261K, committed 9984K, reserved 1048576K
}
Event: 54.838 GC heap before
{Heap before GC invocations=77 (full 0):
 garbage-first heap   total 449536K, used 344563K [0x0000000080000000, 0x0000000100000000)
  region size 1024K, 129 young (132096K), 21 survivors (21504K)
 Metaspace       used 66403K, committed 67904K, reserved 1114112K
  class space    used 9265K, committed 9984K, reserved 1048576K
}
Event: 54.884 GC heap after
{Heap after GC invocations=78 (full 0):
 garbage-first heap   total 449536K, used 238067K [0x0000000080000000, 0x0000000100000000)
  region size 1024K, 3 young (3072K), 3 survivors (3072K)
 Metaspace       used 66403K, committed 67904K, reserved 1114112K
  class space    used 9265K, committed 9984K, reserved 1048576K
}
Event: 55.456 GC heap before
{Heap before GC invocations=78 (full 0):
 garbage-first heap   total 449536K, used 358899K [0x0000000080000000, 0x0000000100000000)
  region size 1024K, 121 young (123904K), 3 survivors (3072K)
 Metaspace       used 66408K, committed 67904K, reserved 1114112K
  class space    used 9265K, committed 9984K, reserved 1048576K
}
Event: 55.461 GC heap after
{Heap after GC invocations=79 (full 0):
 garbage-first heap   total 449536K, used 237941K [0x0000000080000000, 0x0000000100000000)
  region size 1024K, 3 young (3072K), 3 survivors (3072K)
 Metaspace       used 66408K, committed 67904K, reserved 1114112K
  class space    used 9265K, committed 9984K, reserved 1048576K
}
Event: 56.155 GC heap before
{Heap before GC invocations=80 (full 0):
 garbage-first heap   total 449536K, used 333173K [0x0000000080000000, 0x0000000100000000)
  region size 1024K, 138 young (141312K), 3 survivors (3072K)
 Metaspace       used 66410K, committed 67904K, reserved 1114112K
  class space    used 9265K, committed 9984K, reserved 1048576K
}
Event: 56.162 GC heap after
{Heap after GC invocations=81 (full 0):
 garbage-first heap   total 449536K, used 196404K [0x0000000080000000, 0x0000000100000000)
  region size 1024K, 5 young (5120K), 5 survivors (5120K)
 Metaspace       used 66410K, committed 67904K, reserved 1114112K
  class space    used 9265K, committed 9984K, reserved 1048576K
}
Event: 56.751 GC heap before
{Heap before GC invocations=81 (full 0):
 garbage-first heap   total 449536K, used 378676K [0x0000000080000000, 0x0000000100000000)
  region size 1024K, 183 young (187392K), 5 survivors (5120K)
 Metaspace       used 66412K, committed 67904K, reserved 1114112K
  class space    used 9265K, committed 9984K, reserved 1048576K
}

