# JRE version: OpenJDK Runtime Environment (21.0.8) (build 21.0.8+-14018985-b1038.68)
# Java VM: OpenJDK 64-Bit Server VM (21.0.8+-14018985-b1038.68, mixed mode, tiered, compressed oops, compressed class ptrs, g1 gc, windows-amd64)
GC Precious Log:
 CardTable entry size: 512
 Card Set container configuration: InlinePtr #cards 5 size 8 Array Of Cards #cards 12 size 40 Howl #buckets 4 coarsen threshold 1843 Howl Bitmap #cards 512 size 80 coarsen threshold 460 Card regions per heap region 1 cards per card region 2048
 CPUs: 4 total, 4 available
 Memory: 11705M
 Large Page Support: Disabled
 NUMA Support: Disabled
 Compressed Oops: Enabled (32-bit)
 Heap Region Size: 1M
 Heap Min Capacity: 8M
 Heap Initial Capacity: 184M
 Heap Max Capacity: 2G
 Pre-touch: Disabled
 Parallel Workers: 4
 Concurrent Workers: 1
 Concurrent Refinement Workers: 4
 Periodic GC: Disabled
Heap:
 garbage-first heap   total 396288K, used 257909K [0x0000000080000000, 0x0000000100000000)
  region size 1024K, 36 young (36864K), 4 survivors (4096K)
 Metaspace       used 171009K, committed 173376K, reserved 1245184K
  class space    used 22170K, committed 23296K, reserved 1048576K
GC Heap History (20 events):
Event: 506.176 GC heap before
{Heap before GC invocations=138 (full 0):
 garbage-first heap   total 391168K, used 351641K [0x0000000080000000, 0x0000000100000000)
  region size 1024K, 170 young (174080K), 20 survivors (20480K)
 Metaspace       used 170752K, committed 173120K, reserved 1245184K
  class space    used 22162K, committed 23296K, reserved 1048576K
}
Event: 506.205 GC heap after
{Heap after GC invocations=139 (full 0):
 garbage-first heap   total 391168K, used 203177K [0x0000000080000000, 0x0000000100000000)
  region size 1024K, 7 young (7168K), 7 survivors (7168K)
 Metaspace       used 170752K, committed 173120K, reserved 1245184K
  class space    used 22162K, committed 23296K, reserved 1048576K
}
Event: 513.322 GC heap before
{Heap before GC invocations=139 (full 0):
 garbage-first heap   total 391168K, used 362921K [0x0000000080000000, 0x0000000100000000)
  region size 1024K, 164 young (167936K), 7 survivors (7168K)
 Metaspace       used 170795K, committed 173120K, reserved 1245184K
  class space    used 22162K, committed 23296K, reserved 1048576K
}
Event: 513.337 GC heap after
{Heap after GC invocations=140 (full 0):
 garbage-first heap   total 391168K, used 205219K [0x0000000080000000, 0x0000000100000000)
  region size 1024K, 11 young (11264K), 11 survivors (11264K)
 Metaspace       used 170795K, committed 173120K, reserved 1245184K
  class space    used 22162K, committed 23296K, reserved 1048576K
}
Event: 526.433 GC heap before
{Heap before GC invocations=140 (full 0):
 garbage-first heap   total 391168K, used 357795K [0x0000000080000000, 0x0000000100000000)
  region size 1024K, 161 young (164864K), 11 survivors (11264K)
 Metaspace       used 170905K, committed 173248K, reserved 1245184K
  class space    used 22169K, committed 23296K, reserved 1048576K
}
Event: 526.461 GC heap after
{Heap after GC invocations=141 (full 0):
 garbage-first heap   total 391168K, used 212992K [0x0000000080000000, 0x0000000100000000)
  region size 1024K, 19 young (19456K), 19 survivors (19456K)
 Metaspace       used 170905K, committed 173248K, reserved 1245184K
  class space    used 22169K, committed 23296K, reserved 1048576K
}
Event: 528.952 GC heap before
{Heap before GC invocations=142 (full 0):
 garbage-first heap   total 391168K, used 350208K [0x0000000080000000, 0x0000000100000000)
  region size 1024K, 154 young (157696K), 19 survivors (19456K)
 Metaspace       used 170939K, committed 173312K, reserved 1245184K
  class space    used 22170K, committed 23296K, reserved 1048576K
}
Event: 529.023 GC heap after
{Heap after GC invocations=143 (full 0):
 garbage-first heap   total 396288K, used 237830K [0x0000000080000000, 0x0000000100000000)
  region size 1024K, 20 young (20480K), 20 survivors (20480K)
 Metaspace       used 170939K, committed 173312K, reserved 1245184K
  class space    used 22170K, committed 23296K, reserved 1048576K
}
Event: 529.738 GC heap before
{Heap before GC invocations=143 (full 0):
 garbage-first heap   total 396288K, used 354566K [0x0000000080000000, 0x0000000100000000)
  region size 1024K, 134 young (137216K), 20 survivors (20480K)
 Metaspace       used 170946K, committed 173312K, reserved 1245184K
  class space    used 22170K, committed 23296K, reserved 1048576K
}
Event: 529.778 GC heap after
{Heap after GC invocations=144 (full 0):
 garbage-first heap   total 396288K, used 238080K [0x0000000080000000, 0x0000000100000000)
  region size 1024K, 3 young (3072K), 3 survivors (3072K)
 Metaspace       used 170946K, committed 173312K, reserved 1245184K
  class space    used 22170K, committed 23296K, reserved 1048576K
}
Event: 530.377 GC heap before
{Heap before GC invocations=144 (full 0):
 garbage-first heap   total 396288K, used 365056K [0x0000000080000000, 0x0000000100000000)
  region size 1024K, 127 young (130048K), 3 survivors (3072K)
 Metaspace       used 170948K, committed 173312K, reserved 1245184K
  class space    used 22170K, committed 23296K, reserved 1048576K
}
Event: 530.381 GC heap after
{Heap after GC invocations=145 (full 0):
 garbage-first heap   total 396288K, used 238126K [0x0000000080000000, 0x0000000100000000)
  region size 1024K, 3 young (3072K), 3 survivors (3072K)
 Metaspace       used 170948K, committed 173312K, reserved 1245184K
  class space    used 22170K, committed 23296K, reserved 1048576K
}
Event: 541.679 GC heap before
{Heap before GC invocations=146 (full 0):
 garbage-first heap   total 396288K, used 368174K [0x0000000080000000, 0x0000000100000000)
  region size 1024K, 131 young (134144K), 3 survivors (3072K)
 Metaspace       used 170956K, committed 173312K, reserved 1245184K
  class space    used 22170K, committed 23296K, reserved 1048576K
}
Event: 541.686 GC heap after
{Heap after GC invocations=147 (full 0):
 garbage-first heap   total 396288K, used 234854K [0x0000000080000000, 0x0000000100000000)
  region size 1024K, 2 young (2048K), 2 survivors (2048K)
 Metaspace       used 170956K, committed 173312K, reserved 1245184K
  class space    used 22170K, committed 23296K, reserved 1048576K
}
Event: 544.284 GC heap before
{Heap before GC invocations=147 (full 0):
 garbage-first heap   total 396288K, used 372070K [0x0000000080000000, 0x0000000100000000)
  region size 1024K, 136 young (139264K), 2 survivors (2048K)
 Metaspace       used 170986K, committed 173312K, reserved 1245184K
  class space    used 22170K, committed 23296K, reserved 1048576K
}
Event: 544.293 GC heap after
{Heap after GC invocations=148 (full 0):
 garbage-first heap   total 396288K, used 232065K [0x0000000080000000, 0x0000000100000000)
  region size 1024K, 4 young (4096K), 4 survivors (4096K)
 Metaspace       used 170986K, committed 173312K, reserved 1245184K
  class space    used 22170K, committed 23296K, reserved 1048576K
}
Event: 545.257 GC heap before
{Heap before GC invocations=148 (full 0):
 garbage-first heap   total 396288K, used 370305K [0x0000000080000000, 0x0000000100000000)
  region size 1024K, 139 young (142336K), 4 survivors (4096K)
 Metaspace       used 170993K, committed 173312K, reserved 1245184K
  class space    used 22170K, committed 23296K, reserved 1048576K
}
Event: 545.265 GC heap after
{Heap after GC invocations=149 (full 0):
 garbage-first heap   total 396288K, used 233254K [0x0000000080000000, 0x0000000100000000)
  region size 1024K, 5 young (5120K), 5 survivors (5120K)
 Metaspace       used 170993K, committed 173312K, reserved 1245184K
  class space    used 22170K, committed 23296K, reserved 1048576K
}
Event: 545.885 GC heap before
{Heap before GC invocations=150 (full 0):
 garbage-first heap   total 396288K, used 369446K [0x0000000080000000, 0x0000000100000000)
  region size 1024K, 138 young (141312K), 5 survivors (5120K)
 Metaspace       used 170994K, committed 173312K, reserved 1245184K
  class space    used 22170K, committed 23296K, reserved 1048576K
}
Event: 545.896 GC heap after
{Heap after GC invocations=151 (full 0):
 garbage-first heap   total 396288K, used 234326K [0x0000000080000000, 0x0000000100000000)
  region size 1024K, 6 young (6144K), 6 survivors (6144K)
 Metaspace       used 170994K, committed 173312K, reserved 1245184K
  class space    used 22170K, committed 23296K, reserved 1048576K
}

