# JRE version: OpenJDK Runtime Environment (21.0.8) (build 21.0.8+-14018985-b1038.68)
# Java VM: OpenJDK 64-Bit Server VM (21.0.8+-14018985-b1038.68, mixed mode, tiered, compressed oops, compressed class ptrs, g1 gc, windows-amd64)
GC Precious Log:
 CardTable entry size: 512
 Card Set container configuration: InlinePtr #cards 5 size 8 Array Of Cards #cards 12 size 40 Howl #buckets 4 coarsen threshold 1843 Howl Bitmap #cards 512 size 80 coarsen threshold 460 Card regions per heap region 1 cards per card region 2048
 CPUs: 4 total, 4 available
 Memory: 11705M
 Large Page Support: Disabled
 NUMA Support: Disabled
 Compressed Oops: Enabled (32-bit)
 Heap Region Size: 1M
 Heap Min Capacity: 8M
 Heap Initial Capacity: 184M
 Heap Max Capacity: 2G
 Pre-touch: Disabled
 Parallel Workers: 4
 Concurrent Workers: 1
 Concurrent Refinement Workers: 4
 Periodic GC: Disabled
Heap:
 garbage-first heap   total 171008K, used 148542K [0x0000000080000000, 0x0000000100000000)
  region size 1024K, 51 young (52224K), 8 survivors (8192K)
 Metaspace       used 81631K, committed 83456K, reserved 1179648K
  class space    used 11482K, committed 12352K, reserved 1048576K
GC Heap History (20 events):
Event: 40.016 GC heap before
{Heap before GC invocations=21 (full 0):
 garbage-first heap   total 126976K, used 113334K [0x0000000080000000, 0x0000000100000000)
  region size 1024K, 41 young (41984K), 6 survivors (6144K)
 Metaspace       used 60849K, committed 62336K, reserved 1114112K
  class space    used 8681K, committed 9408K, reserved 1048576K
}
Event: 40.030 GC heap after
{Heap after GC invocations=22 (full 0):
 garbage-first heap   total 126976K, used 77808K [0x0000000080000000, 0x0000000100000000)
  region size 1024K, 5 young (5120K), 5 survivors (5120K)
 Metaspace       used 60849K, committed 62336K, reserved 1114112K
  class space    used 8681K, committed 9408K, reserved 1048576K
}
Event: 40.283 GC heap before
{Heap before GC invocations=22 (full 0):
 garbage-first heap   total 126976K, used 113648K [0x0000000080000000, 0x0000000100000000)
  region size 1024K, 40 young (40960K), 5 survivors (5120K)
 Metaspace       used 60860K, committed 62336K, reserved 1114112K
  class space    used 8681K, committed 9408K, reserved 1048576K
}
Event: 40.292 GC heap after
{Heap after GC invocations=23 (full 0):
 garbage-first heap   total 126976K, used 78925K [0x0000000080000000, 0x0000000100000000)
  region size 1024K, 3 young (3072K), 3 survivors (3072K)
 Metaspace       used 60860K, committed 62336K, reserved 1114112K
  class space    used 8681K, committed 9408K, reserved 1048576K
}
Event: 40.760 GC heap before
{Heap before GC invocations=24 (full 0):
 garbage-first heap   total 133120K, used 115789K [0x0000000080000000, 0x0000000100000000)
  region size 1024K, 39 young (39936K), 3 survivors (3072K)
 Metaspace       used 60946K, committed 62400K, reserved 1114112K
  class space    used 8699K, committed 9408K, reserved 1048576K
}
Event: 40.766 GC heap after
{Heap after GC invocations=25 (full 0):
 garbage-first heap   total 133120K, used 79276K [0x0000000080000000, 0x0000000100000000)
  region size 1024K, 4 young (4096K), 4 survivors (4096K)
 Metaspace       used 60946K, committed 62400K, reserved 1114112K
  class space    used 8699K, committed 9408K, reserved 1048576K
}
Event: 55.828 GC heap before
{Heap before GC invocations=25 (full 0):
 garbage-first heap   total 133120K, used 127404K [0x0000000080000000, 0x0000000100000000)
  region size 1024K, 44 young (45056K), 4 survivors (4096K)
 Metaspace       used 64185K, committed 65664K, reserved 1114112K
  class space    used 9076K, committed 9792K, reserved 1048576K
}
Event: 55.840 GC heap after
{Heap after GC invocations=26 (full 0):
 garbage-first heap   total 136192K, used 89076K [0x0000000080000000, 0x0000000100000000)
  region size 1024K, 6 young (6144K), 6 survivors (6144K)
 Metaspace       used 64185K, committed 65664K, reserved 1114112K
  class space    used 9076K, committed 9792K, reserved 1048576K
}
Event: 55.984 GC heap before
{Heap before GC invocations=26 (full 0):
 garbage-first heap   total 136192K, used 121844K [0x0000000080000000, 0x0000000100000000)
  region size 1024K, 38 young (38912K), 6 survivors (6144K)
 Metaspace       used 64262K, committed 65728K, reserved 1114112K
  class space    used 9076K, committed 9792K, reserved 1048576K
}
Event: 55.996 GC heap after
{Heap after GC invocations=27 (full 0):
 garbage-first heap   total 136192K, used 90030K [0x0000000080000000, 0x0000000100000000)
  region size 1024K, 1 young (1024K), 1 survivors (1024K)
 Metaspace       used 64262K, committed 65728K, reserved 1114112K
  class space    used 9076K, committed 9792K, reserved 1048576K
}
Event: 66.577 GC heap before
{Heap before GC invocations=28 (full 0):
 garbage-first heap   total 150528K, used 134062K [0x0000000080000000, 0x0000000100000000)
  region size 1024K, 37 young (37888K), 1 survivors (1024K)
 Metaspace       used 65523K, committed 67008K, reserved 1114112K
  class space    used 9201K, committed 9920K, reserved 1048576K
}
Event: 66.582 GC heap after
{Heap after GC invocations=29 (full 0):
 garbage-first heap   total 150528K, used 98943K [0x0000000080000000, 0x0000000100000000)
  region size 1024K, 3 young (3072K), 3 survivors (3072K)
 Metaspace       used 65523K, committed 67008K, reserved 1114112K
  class space    used 9201K, committed 9920K, reserved 1048576K
}
Event: 74.227 GC heap before
{Heap before GC invocations=29 (full 0):
 garbage-first heap   total 150528K, used 139903K [0x0000000080000000, 0x0000000100000000)
  region size 1024K, 42 young (43008K), 3 survivors (3072K)
 Metaspace       used 68109K, committed 69696K, reserved 1114112K
  class space    used 9510K, committed 10240K, reserved 1048576K
}
Event: 74.234 GC heap after
{Heap after GC invocations=30 (full 0):
 garbage-first heap   total 150528K, used 99472K [0x0000000080000000, 0x0000000100000000)
  region size 1024K, 4 young (4096K), 4 survivors (4096K)
 Metaspace       used 68109K, committed 69696K, reserved 1114112K
  class space    used 9510K, committed 10240K, reserved 1048576K
}
Event: 79.410 GC heap before
{Heap before GC invocations=30 (full 0):
 garbage-first heap   total 150528K, used 137360K [0x0000000080000000, 0x0000000100000000)
  region size 1024K, 41 young (41984K), 4 survivors (4096K)
 Metaspace       used 73160K, committed 74880K, reserved 1114112K
  class space    used 10261K, committed 11072K, reserved 1048576K
}
Event: 79.423 GC heap after
{Heap after GC invocations=31 (full 0):
 garbage-first heap   total 150528K, used 100870K [0x0000000080000000, 0x0000000100000000)
  region size 1024K, 5 young (5120K), 5 survivors (5120K)
 Metaspace       used 73160K, committed 74880K, reserved 1114112K
  class space    used 10261K, committed 11072K, reserved 1048576K
}
Event: 83.951 GC heap before
{Heap before GC invocations=32 (full 0):
 garbage-first heap   total 171008K, used 134662K [0x0000000080000000, 0x0000000100000000)
  region size 1024K, 38 young (38912K), 5 survivors (5120K)
 Metaspace       used 77378K, committed 79168K, reserved 1179648K
  class space    used 10911K, committed 11776K, reserved 1048576K
}
Event: 83.961 GC heap after
{Heap after GC invocations=33 (full 0):
 garbage-first heap   total 171008K, used 102404K [0x0000000080000000, 0x0000000100000000)
  region size 1024K, 4 young (4096K), 4 survivors (4096K)
 Metaspace       used 77378K, committed 79168K, reserved 1179648K
  class space    used 10911K, committed 11776K, reserved 1048576K
}
Event: 90.510 GC heap before
{Heap before GC invocations=33 (full 0):
 garbage-first heap   total 171008K, used 155652K [0x0000000080000000, 0x0000000100000000)
  region size 1024K, 57 young (58368K), 4 survivors (4096K)
 Metaspace       used 81225K, committed 83008K, reserved 1179648K
  class space    used 11481K, committed 12352K, reserved 1048576K
}
Event: 90.528 GC heap after
{Heap after GC invocations=34 (full 0):
 garbage-first heap   total 171008K, used 106558K [0x0000000080000000, 0x0000000100000000)
  region size 1024K, 8 young (8192K), 8 survivors (8192K)
 Metaspace       used 81225K, committed 83008K, reserved 1179648K
  class space    used 11481K, committed 12352K, reserved 1048576K
}

