# JRE version: OpenJDK Runtime Environment (21.0.8) (build 21.0.8+-14018985-b1038.68)
# Java VM: OpenJDK 64-Bit Server VM (21.0.8+-14018985-b1038.68, mixed mode, tiered, compressed oops, compressed class ptrs, g1 gc, windows-amd64)
GC Precious Log:
 CardTable entry size: 512
 Card Set container configuration: InlinePtr #cards 4 size 8 Array Of Cards #cards 16 size 48 Howl #buckets 8 coarsen threshold 3686 Howl Bitmap #cards 512 size 80 coarsen threshold 460 Card regions per heap region 1 cards per card region 4096
 CPUs: 4 total, 4 available
 Memory: 11705M
 Large Page Support: Disabled
 NUMA Support: Disabled
 Compressed Oops: Enabled (Zero based)
 Heap Region Size: 2M
 Heap Min Capacity: 8M
 Heap Initial Capacity: 184M
 Heap Max Capacity: 4G
 Pre-touch: Disabled
 Parallel Workers: 4
 Concurrent Workers: 1
 Concurrent Refinement Workers: 4
 Periodic GC: Disabled
Heap:
 garbage-first heap   total 219136K, used 133402K [0x0000000700000000, 0x0000000800000000)
  region size 2048K, 5 young (10240K), 5 survivors (10240K)
 Metaspace       used 122706K, committed 124928K, reserved 1179648K
  class space    used 17240K, committed 18304K, reserved 1048576K
GC Heap History (20 events):
Event: 37.977 GC heap after
{Heap after GC invocations=35 (full 0):
 garbage-first heap   total 153600K, used 91019K [0x0000000700000000, 0x0000000800000000)
  region size 2048K, 2 young (4096K), 2 survivors (4096K)
 Metaspace       used 93364K, committed 95296K, reserved 1179648K
  class space    used 12944K, committed 13888K, reserved 1048576K
}
Event: 38.892 GC heap before
{Heap before GC invocations=35 (full 0):
 garbage-first heap   total 153600K, used 142219K [0x0000000700000000, 0x0000000800000000)
  region size 2048K, 25 young (51200K), 2 survivors (4096K)
 Metaspace       used 95134K, committed 97152K, reserved 1179648K
  class space    used 13222K, committed 14208K, reserved 1048576K
}
Event: 38.907 GC heap after
{Heap after GC invocations=36 (full 0):
 garbage-first heap   total 155648K, used 99073K [0x0000000700000000, 0x0000000800000000)
  region size 2048K, 4 young (8192K), 4 survivors (8192K)
 Metaspace       used 95134K, committed 97152K, reserved 1179648K
  class space    used 13222K, committed 14208K, reserved 1048576K
}
Event: 39.732 GC heap before
{Heap before GC invocations=36 (full 0):
 garbage-first heap   total 155648K, used 135937K [0x0000000700000000, 0x0000000800000000)
  region size 2048K, 22 young (45056K), 4 survivors (8192K)
 Metaspace       used 97730K, committed 99776K, reserved 1179648K
  class space    used 13583K, committed 14592K, reserved 1048576K
}
Event: 39.748 GC heap after
{Heap after GC invocations=37 (full 0):
 garbage-first heap   total 188416K, used 101211K [0x0000000700000000, 0x0000000800000000)
  region size 2048K, 1 young (2048K), 1 survivors (2048K)
 Metaspace       used 97730K, committed 99776K, reserved 1179648K
  class space    used 13583K, committed 14592K, reserved 1048576K
}
Event: 42.044 GC heap before
{Heap before GC invocations=38 (full 0):
 garbage-first heap   total 188416K, used 170843K [0x0000000700000000, 0x0000000800000000)
  region size 2048K, 35 young (71680K), 1 survivors (2048K)
 Metaspace       used 103379K, committed 105472K, reserved 1179648K
  class space    used 14543K, committed 15552K, reserved 1048576K
}
Event: 42.056 GC heap after
{Heap after GC invocations=39 (full 0):
 garbage-first heap   total 188416K, used 103394K [0x0000000700000000, 0x0000000800000000)
  region size 2048K, 3 young (6144K), 3 survivors (6144K)
 Metaspace       used 103379K, committed 105472K, reserved 1179648K
  class space    used 14543K, committed 15552K, reserved 1048576K
}
Event: 43.917 GC heap before
{Heap before GC invocations=39 (full 0):
 garbage-first heap   total 188416K, used 166882K [0x0000000700000000, 0x0000000800000000)
  region size 2048K, 34 young (69632K), 3 survivors (6144K)
 Metaspace       used 107785K, committed 109952K, reserved 1179648K
  class space    used 15203K, committed 16256K, reserved 1048576K
}
Event: 43.936 GC heap after
{Heap after GC invocations=40 (full 0):
 garbage-first heap   total 188416K, used 105475K [0x0000000700000000, 0x0000000800000000)
  region size 2048K, 4 young (8192K), 4 survivors (8192K)
 Metaspace       used 107785K, committed 109952K, reserved 1179648K
  class space    used 15203K, committed 16256K, reserved 1048576K
}
Event: 47.123 GC heap before
{Heap before GC invocations=40 (full 0):
 garbage-first heap   total 188416K, used 166915K [0x0000000700000000, 0x0000000800000000)
  region size 2048K, 34 young (69632K), 4 survivors (8192K)
 Metaspace       used 112238K, committed 114432K, reserved 1179648K
  class space    used 15888K, committed 16960K, reserved 1048576K
}
Event: 47.145 GC heap after
{Heap after GC invocations=41 (full 0):
 garbage-first heap   total 188416K, used 108048K [0x0000000700000000, 0x0000000800000000)
  region size 2048K, 4 young (8192K), 4 survivors (8192K)
 Metaspace       used 112238K, committed 114432K, reserved 1179648K
  class space    used 15888K, committed 16960K, reserved 1048576K
}
Event: 49.738 GC heap before
{Heap before GC invocations=42 (full 0):
 garbage-first heap   total 188416K, used 165392K [0x0000000700000000, 0x0000000800000000)
  region size 2048K, 32 young (65536K), 4 survivors (8192K)
 Metaspace       used 115779K, committed 118016K, reserved 1179648K
  class space    used 16399K, committed 17472K, reserved 1048576K
}
Event: 49.764 GC heap after
{Heap after GC invocations=43 (full 0):
 garbage-first heap   total 188416K, used 113110K [0x0000000700000000, 0x0000000800000000)
  region size 2048K, 4 young (8192K), 4 survivors (8192K)
 Metaspace       used 115779K, committed 118016K, reserved 1179648K
  class space    used 16399K, committed 17472K, reserved 1048576K
}
Event: 51.497 GC heap before
{Heap before GC invocations=43 (full 0):
 garbage-first heap   total 188416K, used 166358K [0x0000000700000000, 0x0000000800000000)
  region size 2048K, 30 young (61440K), 4 survivors (8192K)
 Metaspace       used 116622K, committed 118784K, reserved 1179648K
  class space    used 16506K, committed 17536K, reserved 1048576K
}
Event: 51.523 GC heap after
{Heap after GC invocations=44 (full 0):
 garbage-first heap   total 188416K, used 120630K [0x0000000700000000, 0x0000000800000000)
  region size 2048K, 4 young (8192K), 4 survivors (8192K)
 Metaspace       used 116622K, committed 118784K, reserved 1179648K
  class space    used 16506K, committed 17536K, reserved 1048576K
}
Event: 52.975 GC heap before
{Heap before GC invocations=44 (full 0):
 garbage-first heap   total 188416K, used 165686K [0x0000000700000000, 0x0000000800000000)
  region size 2048K, 27 young (55296K), 4 survivors (8192K)
 Metaspace       used 118311K, committed 120512K, reserved 1179648K
  class space    used 16748K, committed 17792K, reserved 1048576K
}
Event: 52.994 GC heap after
{Heap after GC invocations=45 (full 0):
 garbage-first heap   total 188416K, used 127769K [0x0000000700000000, 0x0000000800000000)
  region size 2048K, 4 young (8192K), 4 survivors (8192K)
 Metaspace       used 118311K, committed 120512K, reserved 1179648K
  class space    used 16748K, committed 17792K, reserved 1048576K
}
Event: 53.634 GC heap before
{Heap before GC invocations=46 (full 0):
 garbage-first heap   total 219136K, used 162585K [0x0000000700000000, 0x0000000800000000)
  region size 2048K, 22 young (45056K), 4 survivors (8192K)
 Metaspace       used 118752K, committed 120960K, reserved 1179648K
  class space    used 16843K, committed 17920K, reserved 1048576K
}
Event: 53.647 GC heap after
{Heap after GC invocations=47 (full 0):
 garbage-first heap   total 219136K, used 130546K [0x0000000700000000, 0x0000000800000000)
  region size 2048K, 3 young (6144K), 3 survivors (6144K)
 Metaspace       used 118752K, committed 120960K, reserved 1179648K
  class space    used 16843K, committed 17920K, reserved 1048576K
}
Event: 57.369 GC heap before
{Heap before GC invocations=47 (full 0):
 garbage-first heap   total 219136K, used 196082K [0x0000000700000000, 0x0000000800000000)
  region size 2048K, 36 young (73728K), 3 survivors (6144K)
 Metaspace       used 122706K, committed 124928K, reserved 1179648K
  class space    used 17240K, committed 18304K, reserved 1048576K
}

