# JRE version: OpenJDK Runtime Environment (21.0.8) (build 21.0.8+-14018985-b1038.68)
# Java VM: OpenJDK 64-Bit Server VM (21.0.8+-14018985-b1038.68, mixed mode, tiered, compressed oops, compressed class ptrs, g1 gc, windows-amd64)
GC Precious Log:
 CardTable entry size: 512
 Card Set container configuration: InlinePtr #cards 5 size 8 Array Of Cards #cards 12 size 40 Howl #buckets 4 coarsen threshold 1843 Howl Bitmap #cards 512 size 80 coarsen threshold 460 Card regions per heap region 1 cards per card region 2048
 CPUs: 4 total, 4 available
 Memory: 11705M
 Large Page Support: Disabled
 NUMA Support: Disabled
 Compressed Oops: Enabled (32-bit)
 Heap Region Size: 1M
 Heap Min Capacity: 8M
 Heap Initial Capacity: 184M
 Heap Max Capacity: 2G
 Pre-touch: Disabled
 Parallel Workers: 4
 Concurrent Workers: 1
 Concurrent Refinement Workers: 4
 Periodic GC: Disabled
Heap:
 garbage-first heap   total 148480K, used 109023K [0x0000000080000000, 0x0000000100000000)
  region size 1024K, 23 young (23552K), 1 survivors (1024K)
 Metaspace       used 59526K, committed 60928K, reserved 1114112K
  class space    used 8418K, committed 9088K, reserved 1048576K
GC Heap History (20 events):
Event: 8.073 GC heap before
{Heap before GC invocations=14 (full 0):
 garbage-first heap   total 121856K, used 83811K [0x0000000080000000, 0x0000000100000000)
  region size 1024K, 24 young (24576K), 4 survivors (4096K)
 Metaspace       used 47304K, committed 48256K, reserved 1114112K
  class space    used 6531K, committed 6976K, reserved 1048576K
}
Event: 8.083 GC heap after
{Heap after GC invocations=15 (full 0):
 garbage-first heap   total 121856K, used 67599K [0x0000000080000000, 0x0000000100000000)
  region size 1024K, 6 young (6144K), 6 survivors (6144K)
 Metaspace       used 47304K, committed 48256K, reserved 1114112K
  class space    used 6531K, committed 6976K, reserved 1048576K
}
Event: 9.014 GC heap before
{Heap before GC invocations=16 (full 0):
 garbage-first heap   total 122880K, used 112655K [0x0000000080000000, 0x0000000100000000)
  region size 1024K, 45 young (46080K), 6 survivors (6144K)
 Metaspace       used 52689K, committed 54016K, reserved 1114112K
  class space    used 7299K, committed 7936K, reserved 1048576K
}
Event: 9.026 GC heap after
{Heap after GC invocations=17 (full 0):
 garbage-first heap   total 122880K, used 69632K [0x0000000080000000, 0x0000000100000000)
  region size 1024K, 5 young (5120K), 5 survivors (5120K)
 Metaspace       used 52689K, committed 54016K, reserved 1114112K
  class space    used 7299K, committed 7936K, reserved 1048576K
}
Event: 9.865 GC heap before
{Heap before GC invocations=17 (full 0):
 garbage-first heap   total 122880K, used 111616K [0x0000000080000000, 0x0000000100000000)
  region size 1024K, 45 young (46080K), 5 survivors (5120K)
 Metaspace       used 57456K, committed 58880K, reserved 1114112K
  class space    used 8164K, committed 8832K, reserved 1048576K
}
Event: 9.877 GC heap after
{Heap after GC invocations=18 (full 0):
 garbage-first heap   total 122880K, used 70874K [0x0000000080000000, 0x0000000100000000)
  region size 1024K, 5 young (5120K), 5 survivors (5120K)
 Metaspace       used 57456K, committed 58880K, reserved 1114112K
  class space    used 8164K, committed 8832K, reserved 1048576K
}
Event: 10.159 GC heap before
{Heap before GC invocations=18 (full 0):
 garbage-first heap   total 122880K, used 109786K [0x0000000080000000, 0x0000000100000000)
  region size 1024K, 44 young (45056K), 5 survivors (5120K)
 Metaspace       used 57769K, committed 59200K, reserved 1114112K
  class space    used 8210K, committed 8896K, reserved 1048576K
}
Event: 10.168 GC heap after
{Heap after GC invocations=19 (full 0):
 garbage-first heap   total 122880K, used 72744K [0x0000000080000000, 0x0000000100000000)
  region size 1024K, 4 young (4096K), 4 survivors (4096K)
 Metaspace       used 57769K, committed 59200K, reserved 1114112K
  class space    used 8210K, committed 8896K, reserved 1048576K
}
Event: 10.440 GC heap before
{Heap before GC invocations=20 (full 0):
 garbage-first heap   total 122880K, used 111656K [0x0000000080000000, 0x0000000100000000)
  region size 1024K, 42 young (43008K), 4 survivors (4096K)
 Metaspace       used 57769K, committed 59200K, reserved 1114112K
  class space    used 8210K, committed 8896K, reserved 1048576K
}
Event: 10.449 GC heap after
{Heap after GC invocations=21 (full 0):
 garbage-first heap   total 122880K, used 74527K [0x0000000080000000, 0x0000000100000000)
  region size 1024K, 4 young (4096K), 4 survivors (4096K)
 Metaspace       used 57769K, committed 59200K, reserved 1114112K
  class space    used 8210K, committed 8896K, reserved 1048576K
}
Event: 10.665 GC heap before
{Heap before GC invocations=21 (full 0):
 garbage-first heap   total 122880K, used 111391K [0x0000000080000000, 0x0000000100000000)
  region size 1024K, 40 young (40960K), 4 survivors (4096K)
 Metaspace       used 57769K, committed 59200K, reserved 1114112K
  class space    used 8210K, committed 8896K, reserved 1048576K
}
Event: 10.672 GC heap after
{Heap after GC invocations=22 (full 0):
 garbage-first heap   total 148480K, used 75340K [0x0000000080000000, 0x0000000100000000)
  region size 1024K, 4 young (4096K), 4 survivors (4096K)
 Metaspace       used 57769K, committed 59200K, reserved 1114112K
  class space    used 8210K, committed 8896K, reserved 1048576K
}
Event: 11.469 GC heap before
{Heap before GC invocations=22 (full 0):
 garbage-first heap   total 148480K, used 134732K [0x0000000080000000, 0x0000000100000000)
  region size 1024K, 62 young (63488K), 4 survivors (4096K)
 Metaspace       used 57990K, committed 59456K, reserved 1114112K
  class space    used 8246K, committed 8960K, reserved 1048576K
}
Event: 11.483 GC heap after
{Heap after GC invocations=23 (full 0):
 garbage-first heap   total 148480K, used 81379K [0x0000000080000000, 0x0000000100000000)
  region size 1024K, 8 young (8192K), 8 survivors (8192K)
 Metaspace       used 57990K, committed 59456K, reserved 1114112K
  class space    used 8246K, committed 8960K, reserved 1048576K
}
Event: 12.247 GC heap before
{Heap before GC invocations=23 (full 0):
 garbage-first heap   total 148480K, used 123363K [0x0000000080000000, 0x0000000100000000)
  region size 1024K, 51 young (52224K), 8 survivors (8192K)
 Metaspace       used 59022K, committed 60480K, reserved 1114112K
  class space    used 8384K, committed 9088K, reserved 1048576K
}
Event: 12.266 GC heap after
{Heap after GC invocations=24 (full 0):
 garbage-first heap   total 148480K, used 86685K [0x0000000080000000, 0x0000000100000000)
  region size 1024K, 5 young (5120K), 5 survivors (5120K)
 Metaspace       used 59022K, committed 60480K, reserved 1114112K
  class space    used 8384K, committed 9088K, reserved 1048576K
}
Event: 12.887 GC heap before
{Heap before GC invocations=25 (full 0):
 garbage-first heap   total 148480K, used 135837K [0x0000000080000000, 0x0000000100000000)
  region size 1024K, 52 young (53248K), 5 survivors (5120K)
 Metaspace       used 59282K, committed 60736K, reserved 1114112K
  class space    used 8387K, committed 9088K, reserved 1048576K
}
Event: 12.894 GC heap after
{Heap after GC invocations=26 (full 0):
 garbage-first heap   total 148480K, used 87640K [0x0000000080000000, 0x0000000100000000)
  region size 1024K, 1 young (1024K), 1 survivors (1024K)
 Metaspace       used 59282K, committed 60736K, reserved 1114112K
  class space    used 8387K, committed 9088K, reserved 1048576K
}
Event: 13.859 GC heap before
{Heap before GC invocations=26 (full 0):
 garbage-first heap   total 148480K, used 135768K [0x0000000080000000, 0x0000000100000000)
  region size 1024K, 49 young (50176K), 1 survivors (1024K)
 Metaspace       used 59516K, committed 60928K, reserved 1114112K
  class space    used 8418K, committed 9088K, reserved 1048576K
}
Event: 13.863 GC heap after
{Heap after GC invocations=27 (full 0):
 garbage-first heap   total 148480K, used 87519K [0x0000000080000000, 0x0000000100000000)
  region size 1024K, 1 young (1024K), 1 survivors (1024K)
 Metaspace       used 59516K, committed 60928K, reserved 1114112K
  class space    used 8418K, committed 9088K, reserved 1048576K
}

