# JRE version: OpenJDK Runtime Environment (21.0.8) (build 21.0.8+-14018985-b1038.68)
# Java VM: OpenJDK 64-Bit Server VM (21.0.8+-14018985-b1038.68, mixed mode, tiered, compressed oops, compressed class ptrs, g1 gc, windows-amd64)
GC Precious Log:
 CardTable entry size: 512
 Card Set container configuration: InlinePtr #cards 5 size 8 Array Of Cards #cards 12 size 40 Howl #buckets 4 coarsen threshold 1843 Howl Bitmap #cards 512 size 80 coarsen threshold 460 Card regions per heap region 1 cards per card region 2048
 CPUs: 4 total, 4 available
 Memory: 11705M
 Large Page Support: Disabled
 NUMA Support: Disabled
 Compressed Oops: Enabled (32-bit)
 Heap Region Size: 1M
 Heap Min Capacity: 8M
 Heap Initial Capacity: 184M
 Heap Max Capacity: 2G
 Pre-touch: Disabled
 Parallel Workers: 4
 Concurrent Workers: 1
 Concurrent Refinement Workers: 4
 Periodic GC: Disabled
Heap:
 garbage-first heap   total 226304K, used 163347K [0x0000000080000000, 0x0000000100000000)
  region size 1024K, 62 young (63488K), 6 survivors (6144K)
 Metaspace       used 59855K, committed 61312K, reserved 1114112K
  class space    used 8397K, committed 9088K, reserved 1048576K
GC Heap History (20 events):
Event: 10.267 GC heap before
{Heap before GC invocations=14 (full 0):
 garbage-first heap   total 102400K, used 73634K [0x0000000080000000, 0x0000000100000000)
  region size 1024K, 13 young (13312K), 3 survivors (3072K)
 Metaspace       used 47278K, committed 48256K, reserved 1114112K
  class space    used 6525K, committed 6976K, reserved 1048576K
}
Event: 10.274 GC heap after
{Heap after GC invocations=15 (full 0):
 garbage-first heap   total 102400K, used 66611K [0x0000000080000000, 0x0000000100000000)
  region size 1024K, 2 young (2048K), 2 survivors (2048K)
 Metaspace       used 47278K, committed 48256K, reserved 1114112K
  class space    used 6525K, committed 6976K, reserved 1048576K
}
Event: 11.356 GC heap before
{Heap before GC invocations=16 (full 0):
 garbage-first heap   total 121856K, used 97331K [0x0000000080000000, 0x0000000100000000)
  region size 1024K, 27 young (27648K), 2 survivors (2048K)
 Metaspace       used 50973K, committed 52096K, reserved 1114112K
  class space    used 7013K, committed 7552K, reserved 1048576K
}
Event: 11.362 GC heap after
{Heap after GC invocations=17 (full 0):
 garbage-first heap   total 121856K, used 67683K [0x0000000080000000, 0x0000000100000000)
  region size 1024K, 3 young (3072K), 3 survivors (3072K)
 Metaspace       used 50973K, committed 52096K, reserved 1114112K
  class space    used 7013K, committed 7552K, reserved 1048576K
}
Event: 12.533 GC heap before
{Heap before GC invocations=17 (full 0):
 garbage-first heap   total 121856K, used 109667K [0x0000000080000000, 0x0000000100000000)
  region size 1024K, 45 young (46080K), 3 survivors (3072K)
 Metaspace       used 56168K, committed 57600K, reserved 1114112K
  class space    used 7895K, committed 8576K, reserved 1048576K
}
Event: 12.542 GC heap after
{Heap after GC invocations=18 (full 0):
 garbage-first heap   total 121856K, used 69785K [0x0000000080000000, 0x0000000100000000)
  region size 1024K, 5 young (5120K), 5 survivors (5120K)
 Metaspace       used 56168K, committed 57600K, reserved 1114112K
  class space    used 7895K, committed 8576K, reserved 1048576K
}
Event: 17.173 GC heap before
{Heap before GC invocations=18 (full 0):
 garbage-first heap   total 121856K, used 82073K [0x0000000080000000, 0x0000000100000000)
  region size 1024K, 18 young (18432K), 5 survivors (5120K)
 Metaspace       used 57438K, committed 58944K, reserved 1114112K
  class space    used 8128K, committed 8896K, reserved 1048576K
}
Event: 17.183 GC heap after
{Heap after GC invocations=19 (full 0):
 garbage-first heap   total 121856K, used 70312K [0x0000000080000000, 0x0000000100000000)
  region size 1024K, 3 young (3072K), 3 survivors (3072K)
 Metaspace       used 57438K, committed 58944K, reserved 1114112K
  class space    used 8128K, committed 8896K, reserved 1048576K
}
Event: 19.070 GC heap before
{Heap before GC invocations=20 (full 0):
 garbage-first heap   total 121856K, used 113320K [0x0000000080000000, 0x0000000100000000)
  region size 1024K, 43 young (44032K), 3 survivors (3072K)
 Metaspace       used 58178K, committed 59648K, reserved 1114112K
  class space    used 8223K, committed 8960K, reserved 1048576K
}
Event: 19.118 GC heap after
{Heap after GC invocations=21 (full 0):
 garbage-first heap   total 131072K, used 87011K [0x0000000080000000, 0x0000000100000000)
  region size 1024K, 6 young (6144K), 6 survivors (6144K)
 Metaspace       used 58178K, committed 59648K, reserved 1114112K
  class space    used 8223K, committed 8960K, reserved 1048576K
}
Event: 19.395 GC heap before
{Heap before GC invocations=21 (full 0):
 garbage-first heap   total 131072K, used 115683K [0x0000000080000000, 0x0000000100000000)
  region size 1024K, 32 young (32768K), 6 survivors (6144K)
 Metaspace       used 58199K, committed 59648K, reserved 1114112K
  class space    used 8223K, committed 8960K, reserved 1048576K
}
Event: 19.459 GC heap after
{Heap after GC invocations=22 (full 0):
 garbage-first heap   total 135168K, used 101376K [0x0000000080000000, 0x0000000100000000)
  region size 1024K, 4 young (4096K), 4 survivors (4096K)
 Metaspace       used 58199K, committed 59648K, reserved 1114112K
  class space    used 8223K, committed 8960K, reserved 1048576K
}
Event: 20.153 GC heap before
{Heap before GC invocations=22 (full 0):
 garbage-first heap   total 135168K, used 118784K [0x0000000080000000, 0x0000000100000000)
  region size 1024K, 21 young (21504K), 4 survivors (4096K)
 Metaspace       used 59144K, committed 60672K, reserved 1114112K
  class space    used 8364K, committed 9088K, reserved 1048576K
}
Event: 20.189 GC heap after
{Heap after GC invocations=23 (full 0):
 garbage-first heap   total 226304K, used 107008K [0x0000000080000000, 0x0000000100000000)
  region size 1024K, 3 young (3072K), 3 survivors (3072K)
 Metaspace       used 59144K, committed 60672K, reserved 1114112K
  class space    used 8364K, committed 9088K, reserved 1048576K
}
Event: 21.903 GC heap before
{Heap before GC invocations=24 (full 0):
 garbage-first heap   total 226304K, used 171520K [0x0000000080000000, 0x0000000100000000)
  region size 1024K, 68 young (69632K), 3 survivors (3072K)
 Metaspace       used 59737K, committed 61184K, reserved 1114112K
  class space    used 8397K, committed 9088K, reserved 1048576K
}
Event: 21.921 GC heap after
{Heap after GC invocations=25 (full 0):
 garbage-first heap   total 226304K, used 106314K [0x0000000080000000, 0x0000000100000000)
  region size 1024K, 5 young (5120K), 5 survivors (5120K)
 Metaspace       used 59737K, committed 61184K, reserved 1114112K
  class space    used 8397K, committed 9088K, reserved 1048576K
}
Event: 23.739 GC heap before
{Heap before GC invocations=25 (full 0):
 garbage-first heap   total 226304K, used 180042K [0x0000000080000000, 0x0000000100000000)
  region size 1024K, 77 young (78848K), 5 survivors (5120K)
 Metaspace       used 59816K, committed 61248K, reserved 1114112K
  class space    used 8397K, committed 9088K, reserved 1048576K
}
Event: 23.772 GC heap after
{Heap after GC invocations=26 (full 0):
 garbage-first heap   total 226304K, used 106132K [0x0000000080000000, 0x0000000100000000)
  region size 1024K, 5 young (5120K), 5 survivors (5120K)
 Metaspace       used 59816K, committed 61248K, reserved 1114112K
  class space    used 8397K, committed 9088K, reserved 1048576K
}
Event: 25.776 GC heap before
{Heap before GC invocations=26 (full 0):
 garbage-first heap   total 226304K, used 186004K [0x0000000080000000, 0x0000000100000000)
  region size 1024K, 83 young (84992K), 5 survivors (5120K)
 Metaspace       used 59840K, committed 61312K, reserved 1114112K
  class space    used 8397K, committed 9088K, reserved 1048576K
}
Event: 25.790 GC heap after
{Heap after GC invocations=27 (full 0):
 garbage-first heap   total 226304K, used 107027K [0x0000000080000000, 0x0000000100000000)
  region size 1024K, 6 young (6144K), 6 survivors (6144K)
 Metaspace       used 59840K, committed 61312K, reserved 1114112K
  class space    used 8397K, committed 9088K, reserved 1048576K
}

