# JRE version: OpenJDK Runtime Environment (21.0.8) (build 21.0.8+-14018985-b1038.68)
# Java VM: OpenJDK 64-Bit Server VM (21.0.8+-14018985-b1038.68, mixed mode, tiered, compressed oops, compressed class ptrs, g1 gc, windows-amd64)
GC Precious Log:
 CardTable entry size: 512
 Card Set container configuration: InlinePtr #cards 5 size 8 Array Of Cards #cards 12 size 40 Howl #buckets 4 coarsen threshold 1843 Howl Bitmap #cards 512 size 80 coarsen threshold 460 Card regions per heap region 1 cards per card region 2048
 CPUs: 4 total, 4 available
 Memory: 11705M
 Large Page Support: Disabled
 NUMA Support: Disabled
 Compressed Oops: Enabled (32-bit)
 Heap Region Size: 1M
 Heap Min Capacity: 8M
 Heap Initial Capacity: 184M
 Heap Max Capacity: 2G
 Pre-touch: Disabled
 Parallel Workers: 4
 Concurrent Workers: 1
 Concurrent Refinement Workers: 4
 Periodic GC: Disabled
Heap:
 garbage-first heap   total 378880K, used 249241K [0x0000000080000000, 0x0000000100000000)
  region size 1024K, 8 young (8192K), 7 survivors (7168K)
 Metaspace       used 158237K, committed 160576K, reserved 1245184K
  class space    used 21802K, committed 22912K, reserved 1048576K
GC Heap History (20 events):
Event: 261.948 GC heap before
{Heap before GC invocations=90 (full 0):
 garbage-first heap   total 371712K, used 323584K [0x0000000080000000, 0x0000000100000000)
  region size 1024K, 162 young (165888K), 23 survivors (23552K)
 Metaspace       used 150471K, committed 152832K, reserved 1245184K
  class space    used 20804K, committed 21952K, reserved 1048576K
}
Event: 262.034 GC heap after
{Heap after GC invocations=91 (full 0):
 garbage-first heap   total 373760K, used 207872K [0x0000000080000000, 0x0000000100000000)
  region size 1024K, 21 young (21504K), 21 survivors (21504K)
 Metaspace       used 150471K, committed 152832K, reserved 1245184K
  class space    used 20804K, committed 21952K, reserved 1048576K
}
Event: 265.648 GC heap before
{Heap before GC invocations=92 (full 0):
 garbage-first heap   total 373760K, used 326656K [0x0000000080000000, 0x0000000100000000)
  region size 1024K, 138 young (141312K), 21 survivors (21504K)
 Metaspace       used 155273K, committed 157696K, reserved 1245184K
  class space    used 21427K, committed 22592K, reserved 1048576K
}
Event: 265.698 GC heap after
{Heap after GC invocations=93 (full 0):
 garbage-first heap   total 373760K, used 211968K [0x0000000080000000, 0x0000000100000000)
  region size 1024K, 4 young (4096K), 4 survivors (4096K)
 Metaspace       used 155273K, committed 157696K, reserved 1245184K
  class space    used 21427K, committed 22592K, reserved 1048576K
}
Event: 266.963 GC heap before
{Heap before GC invocations=93 (full 0):
 garbage-first heap   total 373760K, used 334848K [0x0000000080000000, 0x0000000100000000)
  region size 1024K, 124 young (126976K), 4 survivors (4096K)
 Metaspace       used 155738K, committed 158080K, reserved 1245184K
  class space    used 21450K, committed 22592K, reserved 1048576K
}
Event: 266.972 GC heap after
{Heap after GC invocations=94 (full 0):
 garbage-first heap   total 373760K, used 210944K [0x0000000080000000, 0x0000000100000000)
  region size 1024K, 3 young (3072K), 3 survivors (3072K)
 Metaspace       used 155738K, committed 158080K, reserved 1245184K
  class space    used 21450K, committed 22592K, reserved 1048576K
}
Event: 268.300 GC heap before
{Heap before GC invocations=94 (full 0):
 garbage-first heap   total 373760K, used 339968K [0x0000000080000000, 0x0000000100000000)
  region size 1024K, 130 young (133120K), 3 survivors (3072K)
 Metaspace       used 156540K, committed 158912K, reserved 1245184K
  class space    used 21560K, committed 22720K, reserved 1048576K
}
Event: 268.307 GC heap after
{Heap after GC invocations=95 (full 0):
 garbage-first heap   total 373760K, used 210772K [0x0000000080000000, 0x0000000100000000)
  region size 1024K, 3 young (3072K), 3 survivors (3072K)
 Metaspace       used 156540K, committed 158912K, reserved 1245184K
  class space    used 21560K, committed 22720K, reserved 1048576K
}
Event: 271.298 GC heap before
{Heap before GC invocations=96 (full 0):
 garbage-first heap   total 373760K, used 344916K [0x0000000080000000, 0x0000000100000000)
  region size 1024K, 135 young (138240K), 3 survivors (3072K)
 Metaspace       used 158130K, committed 160448K, reserved 1245184K
  class space    used 21799K, committed 22912K, reserved 1048576K
}
Event: 271.308 GC heap after
{Heap after GC invocations=97 (full 0):
 garbage-first heap   total 373760K, used 210446K [0x0000000080000000, 0x0000000100000000)
  region size 1024K, 3 young (3072K), 3 survivors (3072K)
 Metaspace       used 158130K, committed 160448K, reserved 1245184K
  class space    used 21799K, committed 22912K, reserved 1048576K
}
Event: 272.815 GC heap before
{Heap before GC invocations=97 (full 0):
 garbage-first heap   total 373760K, used 349710K [0x0000000080000000, 0x0000000100000000)
  region size 1024K, 139 young (142336K), 3 survivors (3072K)
 Metaspace       used 158175K, committed 160512K, reserved 1245184K
  class space    used 21801K, committed 22912K, reserved 1048576K
}
Event: 272.834 GC heap after
{Heap after GC invocations=98 (full 0):
 garbage-first heap   total 373760K, used 215840K [0x0000000080000000, 0x0000000100000000)
  region size 1024K, 10 young (10240K), 10 survivors (10240K)
 Metaspace       used 158175K, committed 160512K, reserved 1245184K
  class space    used 21801K, committed 22912K, reserved 1048576K
}
Event: 273.468 GC heap before
{Heap before GC invocations=98 (full 0):
 garbage-first heap   total 373760K, used 342816K [0x0000000080000000, 0x0000000100000000)
  region size 1024K, 135 young (138240K), 10 survivors (10240K)
 Metaspace       used 158202K, committed 160512K, reserved 1245184K
  class space    used 21804K, committed 22912K, reserved 1048576K
}
Event: 273.492 GC heap after
{Heap after GC invocations=99 (full 0):
 garbage-first heap   total 373760K, used 226656K [0x0000000080000000, 0x0000000100000000)
  region size 1024K, 17 young (17408K), 17 survivors (17408K)
 Metaspace       used 158202K, committed 160512K, reserved 1245184K
  class space    used 21804K, committed 22912K, reserved 1048576K
}
Event: 275.389 GC heap before
{Heap before GC invocations=100 (full 0):
 garbage-first heap   total 378880K, used 336224K [0x0000000080000000, 0x0000000100000000)
  region size 1024K, 124 young (126976K), 17 survivors (17408K)
 Metaspace       used 158232K, committed 160576K, reserved 1245184K
  class space    used 21804K, committed 22912K, reserved 1048576K
}
Event: 275.424 GC heap after
{Heap after GC invocations=101 (full 0):
 garbage-first heap   total 378880K, used 235008K [0x0000000080000000, 0x0000000100000000)
  region size 1024K, 10 young (10240K), 10 survivors (10240K)
 Metaspace       used 158232K, committed 160576K, reserved 1245184K
  class space    used 21804K, committed 22912K, reserved 1048576K
}
Event: 276.230 GC heap before
{Heap before GC invocations=101 (full 0):
 garbage-first heap   total 378880K, used 348672K [0x0000000080000000, 0x0000000100000000)
  region size 1024K, 121 young (123904K), 10 survivors (10240K)
 Metaspace       used 158235K, committed 160576K, reserved 1245184K
  class space    used 21804K, committed 22912K, reserved 1048576K
}
Event: 276.259 GC heap after
{Heap after GC invocations=102 (full 0):
 garbage-first heap   total 378880K, used 242678K [0x0000000080000000, 0x0000000100000000)
  region size 1024K, 10 young (10240K), 10 survivors (10240K)
 Metaspace       used 158235K, committed 160576K, reserved 1245184K
  class space    used 21804K, committed 22912K, reserved 1048576K
}
Event: 276.854 GC heap before
{Heap before GC invocations=102 (full 0):
 garbage-first heap   total 378880K, used 348150K [0x0000000080000000, 0x0000000100000000)
  region size 1024K, 114 young (116736K), 10 survivors (10240K)
 Metaspace       used 158244K, committed 160576K, reserved 1245184K
  class space    used 21804K, committed 22912K, reserved 1048576K
}
Event: 276.877 GC heap after
{Heap after GC invocations=103 (full 0):
 garbage-first heap   total 378880K, used 249241K [0x0000000080000000, 0x0000000100000000)
  region size 1024K, 7 young (7168K), 7 survivors (7168K)
 Metaspace       used 158244K, committed 160576K, reserved 1245184K
  class space    used 21804K, committed 22912K, reserved 1048576K
}

