# JRE version: OpenJDK Runtime Environment (21.0.8) (build 21.0.8+-14018985-b1038.68)
# Java VM: OpenJDK 64-Bit Server VM (21.0.8+-14018985-b1038.68, mixed mode, tiered, compressed oops, compressed class ptrs, g1 gc, windows-amd64)
GC Precious Log:
 CardTable entry size: 512
 Card Set container configuration: InlinePtr #cards 5 size 8 Array Of Cards #cards 12 size 40 Howl #buckets 4 coarsen threshold 1843 Howl Bitmap #cards 512 size 80 coarsen threshold 460 Card regions per heap region 1 cards per card region 2048
 CPUs: 4 total, 4 available
 Memory: 11705M
 Large Page Support: Disabled
 NUMA Support: Disabled
 Compressed Oops: Enabled (32-bit)
 Heap Region Size: 1M
 Heap Min Capacity: 8M
 Heap Initial Capacity: 184M
 Heap Max Capacity: 2G
 Pre-touch: Disabled
 Parallel Workers: 4
 Concurrent Workers: 1
 Concurrent Refinement Workers: 4
 Periodic GC: Disabled
Heap:
 garbage-first heap   total 214016K, used 130538K [0x0000000080000000, 0x0000000100000000)
  region size 1024K, 8 young (8192K), 8 survivors (8192K)
 Metaspace       used 120025K, committed 122240K, reserved 1179648K
  class space    used 17017K, committed 18112K, reserved 1048576K
GC Heap History (20 events):
Event: 29.575 GC heap after
{Heap after GC invocations=38 (full 0):
 garbage-first heap   total 145408K, used 90089K [0x0000000080000000, 0x0000000100000000)
  region size 1024K, 4 young (4096K), 4 survivors (4096K)
 Metaspace       used 93541K, committed 95488K, reserved 1179648K
  class space    used 12975K, committed 13952K, reserved 1048576K
}
Event: 30.357 GC heap before
{Heap before GC invocations=39 (full 0):
 garbage-first heap   total 155648K, used 135145K [0x0000000080000000, 0x0000000100000000)
  region size 1024K, 45 young (46080K), 4 survivors (4096K)
 Metaspace       used 94934K, committed 96896K, reserved 1179648K
  class space    used 13194K, committed 14208K, reserved 1048576K
}
Event: 30.369 GC heap after
{Heap after GC invocations=40 (full 0):
 garbage-first heap   total 155648K, used 98304K [0x0000000080000000, 0x0000000100000000)
  region size 1024K, 6 young (6144K), 6 survivors (6144K)
 Metaspace       used 94934K, committed 96896K, reserved 1179648K
  class space    used 13194K, committed 14208K, reserved 1048576K
}
Event: 31.225 GC heap before
{Heap before GC invocations=40 (full 0):
 garbage-first heap   total 155648K, used 140288K [0x0000000080000000, 0x0000000100000000)
  region size 1024K, 47 young (48128K), 6 survivors (6144K)
 Metaspace       used 97852K, committed 99904K, reserved 1179648K
  class space    used 13608K, committed 14592K, reserved 1048576K
}
Event: 31.239 GC heap after
{Heap after GC invocations=41 (full 0):
 garbage-first heap   total 187392K, used 99543K [0x0000000080000000, 0x0000000100000000)
  region size 1024K, 3 young (3072K), 3 survivors (3072K)
 Metaspace       used 97852K, committed 99904K, reserved 1179648K
  class space    used 13608K, committed 14592K, reserved 1048576K
}
Event: 32.651 GC heap before
{Heap before GC invocations=41 (full 0):
 garbage-first heap   total 187392K, used 163031K [0x0000000080000000, 0x0000000100000000)
  region size 1024K, 64 young (65536K), 3 survivors (3072K)
 Metaspace       used 103013K, committed 105088K, reserved 1179648K
  class space    used 14489K, committed 15488K, reserved 1048576K
}
Event: 32.659 GC heap after
{Heap after GC invocations=42 (full 0):
 garbage-first heap   total 187392K, used 101333K [0x0000000080000000, 0x0000000100000000)
  region size 1024K, 4 young (4096K), 4 survivors (4096K)
 Metaspace       used 103013K, committed 105088K, reserved 1179648K
  class space    used 14489K, committed 15488K, reserved 1048576K
}
Event: 34.140 GC heap before
{Heap before GC invocations=42 (full 0):
 garbage-first heap   total 187392K, used 165845K [0x0000000080000000, 0x0000000100000000)
  region size 1024K, 67 young (68608K), 4 survivors (4096K)
 Metaspace       used 107655K, committed 109824K, reserved 1179648K
  class space    used 15181K, committed 16256K, reserved 1048576K
}
Event: 34.152 GC heap after
{Heap after GC invocations=43 (full 0):
 garbage-first heap   total 187392K, used 104405K [0x0000000080000000, 0x0000000100000000)
  region size 1024K, 7 young (7168K), 7 survivors (7168K)
 Metaspace       used 107655K, committed 109824K, reserved 1179648K
  class space    used 15181K, committed 16256K, reserved 1048576K
}
Event: 35.860 GC heap before
{Heap before GC invocations=43 (full 0):
 garbage-first heap   total 187392K, used 168917K [0x0000000080000000, 0x0000000100000000)
  region size 1024K, 70 young (71680K), 7 survivors (7168K)
 Metaspace       used 112240K, committed 114368K, reserved 1179648K
  class space    used 15879K, committed 16960K, reserved 1048576K
}
Event: 35.876 GC heap after
{Heap after GC invocations=44 (full 0):
 garbage-first heap   total 187392K, used 108503K [0x0000000080000000, 0x0000000100000000)
  region size 1024K, 7 young (7168K), 7 survivors (7168K)
 Metaspace       used 112240K, committed 114368K, reserved 1179648K
  class space    used 15879K, committed 16960K, reserved 1048576K
}
Event: 37.654 GC heap before
{Heap before GC invocations=45 (full 0):
 garbage-first heap   total 187392K, used 169943K [0x0000000080000000, 0x0000000100000000)
  region size 1024K, 67 young (68608K), 7 survivors (7168K)
 Metaspace       used 115638K, committed 117760K, reserved 1179648K
  class space    used 16375K, committed 17408K, reserved 1048576K
}
Event: 37.678 GC heap after
{Heap after GC invocations=46 (full 0):
 garbage-first heap   total 187392K, used 114230K [0x0000000080000000, 0x0000000100000000)
  region size 1024K, 9 young (9216K), 9 survivors (9216K)
 Metaspace       used 115638K, committed 117760K, reserved 1179648K
  class space    used 16375K, committed 17408K, reserved 1048576K
}
Event: 39.085 GC heap before
{Heap before GC invocations=46 (full 0):
 garbage-first heap   total 187392K, used 166454K [0x0000000080000000, 0x0000000100000000)
  region size 1024K, 62 young (63488K), 9 survivors (9216K)
 Metaspace       used 117075K, committed 119296K, reserved 1179648K
  class space    used 16590K, committed 17664K, reserved 1048576K
}
Event: 39.110 GC heap after
{Heap after GC invocations=47 (full 0):
 garbage-first heap   total 188416K, used 120212K [0x0000000080000000, 0x0000000100000000)
  region size 1024K, 8 young (8192K), 8 survivors (8192K)
 Metaspace       used 117075K, committed 119296K, reserved 1179648K
  class space    used 16590K, committed 17664K, reserved 1048576K
}
Event: 40.356 GC heap before
{Heap before GC invocations=47 (full 0):
 garbage-first heap   total 188416K, used 169364K [0x0000000080000000, 0x0000000100000000)
  region size 1024K, 56 young (57344K), 8 survivors (8192K)
 Metaspace       used 118215K, committed 120384K, reserved 1179648K
  class space    used 16729K, committed 17792K, reserved 1048576K
}
Event: 40.374 GC heap after
{Heap after GC invocations=48 (full 0):
 garbage-first heap   total 188416K, used 127218K [0x0000000080000000, 0x0000000100000000)
  region size 1024K, 7 young (7168K), 7 survivors (7168K)
 Metaspace       used 118215K, committed 120384K, reserved 1179648K
  class space    used 16729K, committed 17792K, reserved 1048576K
}
Event: 41.283 GC heap before
{Heap before GC invocations=49 (full 0):
 garbage-first heap   total 214016K, used 168178K [0x0000000080000000, 0x0000000100000000)
  region size 1024K, 48 young (49152K), 7 survivors (7168K)
 Metaspace       used 118762K, committed 121024K, reserved 1179648K
  class space    used 16832K, committed 17920K, reserved 1048576K
}
Event: 41.298 GC heap after
{Heap after GC invocations=50 (full 0):
 garbage-first heap   total 214016K, used 130416K [0x0000000080000000, 0x0000000100000000)
  region size 1024K, 6 young (6144K), 6 survivors (6144K)
 Metaspace       used 118762K, committed 121024K, reserved 1179648K
  class space    used 16832K, committed 17920K, reserved 1048576K
}
Event: 42.681 GC heap before
{Heap before GC invocations=50 (full 0):
 garbage-first heap   total 214016K, used 192880K [0x0000000080000000, 0x0000000100000000)
  region size 1024K, 68 young (69632K), 6 survivors (6144K)
 Metaspace       used 120025K, committed 122240K, reserved 1179648K
  class space    used 17017K, committed 18112K, reserved 1048576K
}

