# JRE version: OpenJDK Runtime Environment (21.0.8) (build 21.0.8+-14018985-b1038.68)
# Java VM: OpenJDK 64-Bit Server VM (21.0.8+-14018985-b1038.68, mixed mode, tiered, compressed oops, compressed class ptrs, g1 gc, windows-amd64)
GC Precious Log:
 CardTable entry size: 512
 Card Set container configuration: InlinePtr #cards 5 size 8 Array Of Cards #cards 12 size 40 Howl #buckets 4 coarsen threshold 1843 Howl Bitmap #cards 512 size 80 coarsen threshold 460 Card regions per heap region 1 cards per card region 2048
 CPUs: 4 total, 4 available
 Memory: 11705M
 Large Page Support: Disabled
 NUMA Support: Disabled
 Compressed Oops: Enabled (32-bit)
 Heap Region Size: 1M
 Heap Min Capacity: 8M
 Heap Initial Capacity: 184M
 Heap Max Capacity: 2G
 Pre-touch: Disabled
 Parallel Workers: 4
 Concurrent Workers: 1
 Concurrent Refinement Workers: 4
 Periodic GC: Disabled
Heap:
 garbage-first heap   total 68608K, used 36597K [0x0000000080000000, 0x0000000100000000)
  region size 1024K, 18 young (18432K), 3 survivors (3072K)
 Metaspace       used 28448K, committed 28928K, reserved 1114112K
  class space    used 3697K, committed 3904K, reserved 1048576K
GC Heap History (8 events):
Event: 1.785 GC heap before
{Heap before GC invocations=0 (full 0):
 garbage-first heap   total 188416K, used 13312K [0x0000000080000000, 0x0000000100000000)
  region size 1024K, 13 young (13312K), 0 survivors (0K)
 Metaspace       used 7515K, committed 7616K, reserved 1114112K
  class space    used 701K, committed 768K, reserved 1048576K
}
Event: 1.804 GC heap after
{Heap after GC invocations=1 (full 0):
 garbage-first heap   total 188416K, used 1280K [0x0000000080000000, 0x0000000100000000)
  region size 1024K, 2 young (2048K), 2 survivors (2048K)
 Metaspace       used 7515K, committed 7616K, reserved 1114112K
  class space    used 701K, committed 768K, reserved 1048576K
}
Event: 5.949 GC heap before
{Heap before GC invocations=1 (full 0):
 garbage-first heap   total 188416K, used 28928K [0x0000000080000000, 0x0000000100000000)
  region size 1024K, 27 young (27648K), 2 survivors (2048K)
 Metaspace       used 11363K, committed 11456K, reserved 1114112K
  class space    used 1230K, committed 1280K, reserved 1048576K
}
Event: 5.960 GC heap after
{Heap after GC invocations=2 (full 0):
 garbage-first heap   total 188416K, used 10534K [0x0000000080000000, 0x0000000100000000)
  region size 1024K, 4 young (4096K), 4 survivors (4096K)
 Metaspace       used 11363K, committed 11456K, reserved 1114112K
  class space    used 1230K, committed 1280K, reserved 1048576K
}
Event: 11.600 GC heap before
{Heap before GC invocations=2 (full 0):
 garbage-first heap   total 188416K, used 101670K [0x0000000080000000, 0x0000000100000000)
  region size 1024K, 92 young (94208K), 4 survivors (4096K)
 Metaspace       used 21212K, committed 21504K, reserved 1114112K
  class space    used 2533K, committed 2688K, reserved 1048576K
}
Event: 11.627 GC heap after
{Heap after GC invocations=3 (full 0):
 garbage-first heap   total 188416K, used 19750K [0x0000000080000000, 0x0000000100000000)
  region size 1024K, 12 young (12288K), 12 survivors (12288K)
 Metaspace       used 21212K, committed 21504K, reserved 1114112K
  class space    used 2533K, committed 2688K, reserved 1048576K
}
Event: 13.676 GC heap before
{Heap before GC invocations=4 (full 0):
 garbage-first heap   total 68608K, used 47398K [0x0000000080000000, 0x0000000100000000)
  region size 1024K, 40 young (40960K), 12 survivors (12288K)
 Metaspace       used 26320K, committed 26816K, reserved 1114112K
  class space    used 3312K, committed 3520K, reserved 1048576K
}
Event: 13.694 GC heap after
{Heap after GC invocations=5 (full 0):
 garbage-first heap   total 68608K, used 22261K [0x0000000080000000, 0x0000000100000000)
  region size 1024K, 3 young (3072K), 3 survivors (3072K)
 Metaspace       used 26320K, committed 26816K, reserved 1114112K
  class space    used 3312K, committed 3520K, reserved 1048576K
}

